000 (786943.003.000) 2026-04-13 11:01:14 Job submitted from host: <134.158.133.27:9618?addrs=134.158.133.27-9618&alias=llrt3condor.in2p3.fr&noUDP&sock=schedd_33061_acb1>
...
040 (786943.003.000) 2026-04-13 11:01:15 Started transferring input files
	Transferring to host: <134.158.132.92:9618?addrs=134.158.132.92-9618&alias=llrgrwn031.in2p3.fr&noUDP&sock=slot1_1_1147689_79a7_7594>
...
040 (786943.003.000) 2026-04-13 11:01:15 Finished transferring input files
...
001 (786943.003.000) 2026-04-13 11:01:17 Job executing on host: <134.158.132.92:9618?addrs=134.158.132.92-9618&alias=llrgrwn031.in2p3.fr&noUDP&sock=startd_1138928_745a>
	SlotName: slot1_1@llrgrwn031.in2p3.fr
	CondorScratchDir = "/var/lib/condor/execute/dir_3646205"
	Cpus = 1
	Disk = 2048
	GPUs = 0
	Memory = 4096
...
006 (786943.003.000) 2026-04-13 11:01:25 Image size of job updated: 19072
	7  -  MemoryUsage of job (MB)
	6460  -  ResidentSetSize of job (KB)
...
000 (786944.003.000) 2026-04-13 11:02:38 Job submitted from host: <134.158.133.27:9618?addrs=134.158.133.27-9618&alias=llrt3condor.in2p3.fr&noUDP&sock=schedd_33061_acb1>
...
040 (786944.003.000) 2026-04-13 11:02:39 Started transferring input files
	Transferring to host: <134.158.132.92:9618?addrs=134.158.132.92-9618&alias=llrgrwn031.in2p3.fr&noUDP&sock=slot1_2_1147689_79a7_7595>
...
040 (786944.003.000) 2026-04-13 11:02:39 Finished transferring input files
...
001 (786944.003.000) 2026-04-13 11:02:40 Job executing on host: <134.158.132.92:9618?addrs=134.158.132.92-9618&alias=llrgrwn031.in2p3.fr&noUDP&sock=startd_1138928_745a>
	SlotName: slot1_2@llrgrwn031.in2p3.fr
	CondorScratchDir = "/var/lib/condor/execute/dir_3646792"
	Cpus = 1
	Disk = 2048
	GPUs = 0
	Memory = 4096
...
006 (786944.003.000) 2026-04-13 11:02:49 Image size of job updated: 23812
	24  -  MemoryUsage of job (MB)
	23812  -  ResidentSetSize of job (KB)
...
006 (786944.003.000) 2026-04-13 11:05:29 Image size of job updated: 32268
	24  -  MemoryUsage of job (MB)
	23812  -  ResidentSetSize of job (KB)
...
040 (786944.003.000) 2026-04-13 11:05:29 Started transferring output files
...
040 (786944.003.000) 2026-04-13 11:05:30 Finished transferring output files
...
005 (786944.003.000) 2026-04-13 11:05:30 Job terminated.
	(1) Normal termination (return value 1)
		Usr 0 00:01:54, Sys 0 00:00:18  -  Run Remote Usage
		Usr 0 00:00:00, Sys 0 00:00:00  -  Run Local Usage
		Usr 0 00:01:54, Sys 0 00:00:18  -  Total Remote Usage
		Usr 0 00:00:00, Sys 0 00:00:00  -  Total Local Usage
	293439  -  Run Bytes Sent By Job
	1588  -  Run Bytes Received By Job
	293439  -  Total Bytes Sent By Job
	1588  -  Total Bytes Received By Job
	Partitionable Resources :    Usage  Request Allocated 
	   Cpus                 :     0.00        1         1 
	   Disk (KB)            :   310           2      2048 
	   GPUs                 :                           0 
	   Memory (MB)          :    24        4096      4096 
	   TimeExecute (s)      :   169                       
	   TimeSlotBusy (s)     :   171                       

	Job terminated of its own accord at 2026-04-13T09:05:29Z with exit-code 1.
...
006 (786943.003.000) 2026-04-13 11:06:25 Image size of job updated: 105016
	54  -  MemoryUsage of job (MB)
	54860  -  ResidentSetSize of job (KB)
...
006 (786943.003.000) 2026-04-13 11:11:25 Image size of job updated: 105016
	55  -  MemoryUsage of job (MB)
	55312  -  ResidentSetSize of job (KB)
...
006 (786943.003.000) 2026-04-13 11:16:26 Image size of job updated: 105016
	55  -  MemoryUsage of job (MB)
	55668  -  ResidentSetSize of job (KB)
...
006 (786943.003.000) 2026-04-13 11:21:27 Image size of job updated: 105016
	55  -  MemoryUsage of job (MB)
	55988  -  ResidentSetSize of job (KB)
...
006 (786943.003.000) 2026-04-13 11:26:27 Image size of job updated: 105016
	56  -  MemoryUsage of job (MB)
	56328  -  ResidentSetSize of job (KB)
...
006 (786943.003.000) 2026-04-13 11:31:28 Image size of job updated: 105016
	56  -  MemoryUsage of job (MB)
	56600  -  ResidentSetSize of job (KB)
...
006 (786943.003.000) 2026-04-13 11:36:29 Image size of job updated: 105016
	56  -  MemoryUsage of job (MB)
	56800  -  ResidentSetSize of job (KB)
...
006 (786943.003.000) 2026-04-13 11:41:29 Image size of job updated: 105016
	56  -  MemoryUsage of job (MB)
	57136  -  ResidentSetSize of job (KB)
...
006 (786943.003.000) 2026-04-13 11:46:29 Image size of job updated: 105016
	56  -  MemoryUsage of job (MB)
	57204  -  ResidentSetSize of job (KB)
...
006 (786943.003.000) 2026-04-13 11:51:30 Image size of job updated: 105016
	57  -  MemoryUsage of job (MB)
	57608  -  ResidentSetSize of job (KB)
...
006 (786943.003.000) 2026-04-13 11:56:30 Image size of job updated: 105016
	57  -  MemoryUsage of job (MB)
	57736  -  ResidentSetSize of job (KB)
...
006 (786943.003.000) 2026-04-13 12:01:30 Image size of job updated: 105016
	57  -  MemoryUsage of job (MB)
	57976  -  ResidentSetSize of job (KB)
...
006 (786943.003.000) 2026-04-13 12:06:31 Image size of job updated: 105016
	57  -  MemoryUsage of job (MB)
	58196  -  ResidentSetSize of job (KB)
...
006 (786943.003.000) 2026-04-13 12:16:31 Image size of job updated: 105016
	58  -  MemoryUsage of job (MB)
	58508  -  ResidentSetSize of job (KB)
...
006 (786943.003.000) 2026-04-13 12:21:32 Image size of job updated: 105016
	58  -  MemoryUsage of job (MB)
	58572  -  ResidentSetSize of job (KB)
...
006 (786943.003.000) 2026-04-13 12:26:32 Image size of job updated: 105016
	58  -  MemoryUsage of job (MB)
	58856  -  ResidentSetSize of job (KB)
...
006 (786943.003.000) 2026-04-13 12:31:32 Image size of job updated: 105016
	58  -  MemoryUsage of job (MB)
	59020  -  ResidentSetSize of job (KB)
...
006 (786943.003.000) 2026-04-13 12:51:35 Image size of job updated: 105016
	58  -  MemoryUsage of job (MB)
	59024  -  ResidentSetSize of job (KB)
...
006 (786943.003.000) 2026-04-13 12:56:36 Image size of job updated: 105016
	58  -  MemoryUsage of job (MB)
	59172  -  ResidentSetSize of job (KB)
...
006 (786943.003.000) 2026-04-13 13:01:36 Image size of job updated: 105016
	59  -  MemoryUsage of job (MB)
	59496  -  ResidentSetSize of job (KB)
...
009 (786943.003.000) 2026-04-13 13:01:39 Job was aborted.
	The system macro SYSTEM_PERIODIC_REMOVE expression '((JobStatus == 5) && (time() - EnteredCurrentStatus > 3600 * 48)) || ((JobStatus == 2) && (T3Queue == "long") && (time() - EnteredCurrentStatus > 240 * 3600)) || ((JobStatus == 2) && (T3Queue == "short") && (time() - EnteredCurrentStatus > 120 * 60)) || ((JobStatus == 2) && (T3Queue == "reserv") && (time() - EnteredCurrentStatus > 48 * 3600))' evaluated to TRUE
...
