000 (786943.004.000) 2026-04-13 11:01:14 Job submitted from host: <134.158.133.27:9618?addrs=134.158.133.27-9618&alias=llrt3condor.in2p3.fr&noUDP&sock=schedd_33061_acb1>
...
040 (786943.004.000) 2026-04-13 11:01:15 Started transferring input files
	Transferring to host: <134.158.132.87:9618?addrs=134.158.132.87-9618&alias=llrgrwn026.in2p3.fr&noUDP&sock=slot1_1_1163540_f04c_7396>
...
040 (786943.004.000) 2026-04-13 11:01:15 Finished transferring input files
...
001 (786943.004.000) 2026-04-13 11:01:17 Job executing on host: <134.158.132.87:9618?addrs=134.158.132.87-9618&alias=llrgrwn026.in2p3.fr&noUDP&sock=startd_1148272_a94b>
	SlotName: slot1_1@llrgrwn026.in2p3.fr
	CondorScratchDir = "/var/lib/condor/execute/dir_3606113"
	Cpus = 1
	Disk = 2048
	GPUs = 0
	Memory = 4096
...
006 (786943.004.000) 2026-04-13 11:01:25 Image size of job updated: 6480
	7  -  MemoryUsage of job (MB)
	6480  -  ResidentSetSize of job (KB)
...
000 (786944.004.000) 2026-04-13 11:02:38 Job submitted from host: <134.158.133.27:9618?addrs=134.158.133.27-9618&alias=llrt3condor.in2p3.fr&noUDP&sock=schedd_33061_acb1>
...
040 (786944.004.000) 2026-04-13 11:02:39 Started transferring input files
	Transferring to host: <134.158.132.87:9618?addrs=134.158.132.87-9618&alias=llrgrwn026.in2p3.fr&noUDP&sock=slot1_2_1163540_f04c_7397>
...
040 (786944.004.000) 2026-04-13 11:02:39 Finished transferring input files
...
001 (786944.004.000) 2026-04-13 11:02:40 Job executing on host: <134.158.132.87:9618?addrs=134.158.132.87-9618&alias=llrgrwn026.in2p3.fr&noUDP&sock=startd_1148272_a94b>
	SlotName: slot1_2@llrgrwn026.in2p3.fr
	CondorScratchDir = "/var/lib/condor/execute/dir_3606641"
	Cpus = 1
	Disk = 2048
	GPUs = 0
	Memory = 4096
...
006 (786944.004.000) 2026-04-13 11:02:49 Image size of job updated: 28096
	28  -  MemoryUsage of job (MB)
	28096  -  ResidentSetSize of job (KB)
...
006 (786944.004.000) 2026-04-13 11:05:26 Image size of job updated: 32816
	28  -  MemoryUsage of job (MB)
	28096  -  ResidentSetSize of job (KB)
...
040 (786944.004.000) 2026-04-13 11:05:26 Started transferring output files
...
040 (786944.004.000) 2026-04-13 11:05:26 Finished transferring output files
...
005 (786944.004.000) 2026-04-13 11:05:26 Job terminated.
	(1) Normal termination (return value 1)
		Usr 0 00:01:52, Sys 0 00:00:17  -  Run Remote Usage
		Usr 0 00:00:00, Sys 0 00:00:00  -  Run Local Usage
		Usr 0 00:01:52, Sys 0 00:00:17  -  Total Remote Usage
		Usr 0 00:00:00, Sys 0 00:00:00  -  Total Local Usage
	293469  -  Run Bytes Sent By Job
	1588  -  Run Bytes Received By Job
	293469  -  Total Bytes Sent By Job
	1588  -  Total Bytes Received By Job
	Partitionable Resources :    Usage  Request Allocated 
	   Cpus                 :     1.17        1         1 
	   Disk (KB)            :   310           2      2048 
	   GPUs                 :                           0 
	   Memory (MB)          :    28        4096      4096 
	   TimeExecute (s)      :   166                       
	   TimeSlotBusy (s)     :   167                       

	Job terminated of its own accord at 2026-04-13T09:05:26Z with exit-code 1.
...
006 (786943.004.000) 2026-04-13 11:06:25 Image size of job updated: 105032
	54  -  MemoryUsage of job (MB)
	54856  -  ResidentSetSize of job (KB)
...
006 (786943.004.000) 2026-04-13 11:11:25 Image size of job updated: 105032
	54  -  MemoryUsage of job (MB)
	55196  -  ResidentSetSize of job (KB)
...
006 (786943.004.000) 2026-04-13 11:16:26 Image size of job updated: 105032
	55  -  MemoryUsage of job (MB)
	55664  -  ResidentSetSize of job (KB)
...
006 (786943.004.000) 2026-04-13 11:21:27 Image size of job updated: 105032
	55  -  MemoryUsage of job (MB)
	55864  -  ResidentSetSize of job (KB)
...
006 (786943.004.000) 2026-04-13 11:26:27 Image size of job updated: 105032
	55  -  MemoryUsage of job (MB)
	56200  -  ResidentSetSize of job (KB)
...
006 (786943.004.000) 2026-04-13 11:31:28 Image size of job updated: 105032
	56  -  MemoryUsage of job (MB)
	56484  -  ResidentSetSize of job (KB)
...
006 (786943.004.000) 2026-04-13 11:36:29 Image size of job updated: 105032
	56  -  MemoryUsage of job (MB)
	56656  -  ResidentSetSize of job (KB)
...
006 (786943.004.000) 2026-04-13 11:41:29 Image size of job updated: 105032
	56  -  MemoryUsage of job (MB)
	56956  -  ResidentSetSize of job (KB)
...
006 (786943.004.000) 2026-04-13 11:46:29 Image size of job updated: 105032
	56  -  MemoryUsage of job (MB)
	57132  -  ResidentSetSize of job (KB)
...
006 (786943.004.000) 2026-04-13 11:51:30 Image size of job updated: 105032
	57  -  MemoryUsage of job (MB)
	57408  -  ResidentSetSize of job (KB)
...
006 (786943.004.000) 2026-04-13 11:56:30 Image size of job updated: 105032
	57  -  MemoryUsage of job (MB)
	57608  -  ResidentSetSize of job (KB)
...
006 (786943.004.000) 2026-04-13 12:01:30 Image size of job updated: 105032
	57  -  MemoryUsage of job (MB)
	57732  -  ResidentSetSize of job (KB)
...
006 (786943.004.000) 2026-04-13 12:06:31 Image size of job updated: 105032
	57  -  MemoryUsage of job (MB)
	57812  -  ResidentSetSize of job (KB)
...
006 (786943.004.000) 2026-04-13 12:11:31 Image size of job updated: 105032
	57  -  MemoryUsage of job (MB)
	58188  -  ResidentSetSize of job (KB)
...
006 (786943.004.000) 2026-04-13 12:16:31 Image size of job updated: 105032
	58  -  MemoryUsage of job (MB)
	58388  -  ResidentSetSize of job (KB)
...
006 (786943.004.000) 2026-04-13 12:21:32 Image size of job updated: 105032
	58  -  MemoryUsage of job (MB)
	58700  -  ResidentSetSize of job (KB)
...
006 (786943.004.000) 2026-04-13 12:41:35 Image size of job updated: 105032
	58  -  MemoryUsage of job (MB)
	58972  -  ResidentSetSize of job (KB)
...
006 (786943.004.000) 2026-04-13 12:56:36 Image size of job updated: 105032
	58  -  MemoryUsage of job (MB)
	59020  -  ResidentSetSize of job (KB)
...
009 (786943.004.000) 2026-04-13 13:01:39 Job was aborted.
	The system macro SYSTEM_PERIODIC_REMOVE expression '((JobStatus == 5) && (time() - EnteredCurrentStatus > 3600 * 48)) || ((JobStatus == 2) && (T3Queue == "long") && (time() - EnteredCurrentStatus > 240 * 3600)) || ((JobStatus == 2) && (T3Queue == "short") && (time() - EnteredCurrentStatus > 120 * 60)) || ((JobStatus == 2) && (T3Queue == "reserv") && (time() - EnteredCurrentStatus > 48 * 3600))' evaluated to TRUE
...
