000 (786943.005.000) 2026-04-13 11:01:14 Job submitted from host: <134.158.133.27:9618?addrs=134.158.133.27-9618&alias=llrt3condor.in2p3.fr&noUDP&sock=schedd_33061_acb1>
...
040 (786943.005.000) 2026-04-13 11:01:15 Started transferring input files
	Transferring to host: <134.158.132.120:9618?addrs=134.158.132.120-9618&alias=llrgrwn012.in2p3.fr&noUDP&sock=slot1_1_1141338_9f05_8634>
...
040 (786943.005.000) 2026-04-13 11:01:15 Finished transferring input files
...
001 (786943.005.000) 2026-04-13 11:01:17 Job executing on host: <134.158.132.120:9618?addrs=134.158.132.120-9618&alias=llrgrwn012.in2p3.fr&noUDP&sock=startd_1305_b32e>
	SlotName: slot1_1@llrgrwn012.in2p3.fr
	CondorScratchDir = "/var/lib/condor/execute/dir_3586202"
	Cpus = 1
	Disk = 2048
	GPUs = 0
	Memory = 4096
...
006 (786943.005.000) 2026-04-13 11:01:25 Image size of job updated: 6480
	7  -  MemoryUsage of job (MB)
	6480  -  ResidentSetSize of job (KB)
...
000 (786944.005.000) 2026-04-13 11:02:38 Job submitted from host: <134.158.133.27:9618?addrs=134.158.133.27-9618&alias=llrt3condor.in2p3.fr&noUDP&sock=schedd_33061_acb1>
...
040 (786944.005.000) 2026-04-13 11:02:39 Started transferring input files
	Transferring to host: <134.158.132.120:9618?addrs=134.158.132.120-9618&alias=llrgrwn012.in2p3.fr&noUDP&sock=slot1_2_1141338_9f05_8635>
...
040 (786944.005.000) 2026-04-13 11:02:39 Finished transferring input files
...
001 (786944.005.000) 2026-04-13 11:02:40 Job executing on host: <134.158.132.120:9618?addrs=134.158.132.120-9618&alias=llrgrwn012.in2p3.fr&noUDP&sock=startd_1305_b32e>
	SlotName: slot1_2@llrgrwn012.in2p3.fr
	CondorScratchDir = "/var/lib/condor/execute/dir_3586738"
	Cpus = 1
	Disk = 2048
	GPUs = 0
	Memory = 4096
...
006 (786944.005.000) 2026-04-13 11:02:49 Image size of job updated: 25008
	2  -  MemoryUsage of job (MB)
	1900  -  ResidentSetSize of job (KB)
...
006 (786944.005.000) 2026-04-13 11:04:35 Image size of job updated: 32796
	2  -  MemoryUsage of job (MB)
	1900  -  ResidentSetSize of job (KB)
...
040 (786944.005.000) 2026-04-13 11:04:35 Started transferring output files
...
040 (786944.005.000) 2026-04-13 11:04:35 Finished transferring output files
...
005 (786944.005.000) 2026-04-13 11:04:35 Job terminated.
	(1) Normal termination (return value 1)
		Usr 0 00:01:24, Sys 0 00:00:12  -  Run Remote Usage
		Usr 0 00:00:00, Sys 0 00:00:00  -  Run Local Usage
		Usr 0 00:01:24, Sys 0 00:00:12  -  Total Remote Usage
		Usr 0 00:00:00, Sys 0 00:00:00  -  Total Local Usage
	294051  -  Run Bytes Sent By Job
	1588  -  Run Bytes Received By Job
	294051  -  Total Bytes Sent By Job
	1588  -  Total Bytes Received By Job
	Partitionable Resources :    Usage  Request Allocated 
	   Cpus                 :        0        1         1 
	   Disk (KB)            :      311        2      2048 
	   GPUs                 :                           0 
	   Memory (MB)          :        2     4096      4096 
	   TimeExecute (s)      :      115                    
	   TimeSlotBusy (s)     :      116                    

	Job terminated of its own accord at 2026-04-13T09:04:35Z with exit-code 1.
...
006 (786943.005.000) 2026-04-13 11:06:25 Image size of job updated: 105000
	48  -  MemoryUsage of job (MB)
	48296  -  ResidentSetSize of job (KB)
...
006 (786943.005.000) 2026-04-13 11:11:25 Image size of job updated: 105000
	48  -  MemoryUsage of job (MB)
	48976  -  ResidentSetSize of job (KB)
...
006 (786943.005.000) 2026-04-13 11:16:26 Image size of job updated: 105000
	49  -  MemoryUsage of job (MB)
	49300  -  ResidentSetSize of job (KB)
...
006 (786943.005.000) 2026-04-13 11:21:26 Image size of job updated: 105000
	49  -  MemoryUsage of job (MB)
	49760  -  ResidentSetSize of job (KB)
...
006 (786943.005.000) 2026-04-13 11:26:26 Image size of job updated: 105000
	49  -  MemoryUsage of job (MB)
	50036  -  ResidentSetSize of job (KB)
...
006 (786943.005.000) 2026-04-13 11:31:27 Image size of job updated: 105000
	50  -  MemoryUsage of job (MB)
	50392  -  ResidentSetSize of job (KB)
...
006 (786943.005.000) 2026-04-13 11:36:27 Image size of job updated: 105000
	50  -  MemoryUsage of job (MB)
	50640  -  ResidentSetSize of job (KB)
...
006 (786943.005.000) 2026-04-13 11:41:27 Image size of job updated: 105000
	50  -  MemoryUsage of job (MB)
	50848  -  ResidentSetSize of job (KB)
...
006 (786943.005.000) 2026-04-13 11:46:28 Image size of job updated: 105000
	50  -  MemoryUsage of job (MB)
	51132  -  ResidentSetSize of job (KB)
...
006 (786943.005.000) 2026-04-13 11:51:28 Image size of job updated: 105000
	51  -  MemoryUsage of job (MB)
	51252  -  ResidentSetSize of job (KB)
...
006 (786943.005.000) 2026-04-13 11:56:29 Image size of job updated: 105000
	51  -  MemoryUsage of job (MB)
	51628  -  ResidentSetSize of job (KB)
...
006 (786943.005.000) 2026-04-13 12:01:29 Image size of job updated: 105000
	51  -  MemoryUsage of job (MB)
	51840  -  ResidentSetSize of job (KB)
...
006 (786943.005.000) 2026-04-13 12:06:31 Image size of job updated: 105000
	51  -  MemoryUsage of job (MB)
	52144  -  ResidentSetSize of job (KB)
...
006 (786943.005.000) 2026-04-13 12:11:31 Image size of job updated: 105000
	52  -  MemoryUsage of job (MB)
	52408  -  ResidentSetSize of job (KB)
...
006 (786943.005.000) 2026-04-13 12:21:32 Image size of job updated: 105000
	52  -  MemoryUsage of job (MB)
	52456  -  ResidentSetSize of job (KB)
...
006 (786943.005.000) 2026-04-13 12:26:33 Image size of job updated: 105000
	52  -  MemoryUsage of job (MB)
	52608  -  ResidentSetSize of job (KB)
...
006 (786943.005.000) 2026-04-13 12:31:33 Image size of job updated: 105000
	52  -  MemoryUsage of job (MB)
	52928  -  ResidentSetSize of job (KB)
...
006 (786943.005.000) 2026-04-13 12:46:35 Image size of job updated: 105000
	53  -  MemoryUsage of job (MB)
	53288  -  ResidentSetSize of job (KB)
...
006 (786943.005.000) 2026-04-13 12:51:35 Image size of job updated: 105000
	53  -  MemoryUsage of job (MB)
	53548  -  ResidentSetSize of job (KB)
...
006 (786943.005.000) 2026-04-13 13:01:36 Image size of job updated: 105000
	53  -  MemoryUsage of job (MB)
	53604  -  ResidentSetSize of job (KB)
...
009 (786943.005.000) 2026-04-13 13:01:39 Job was aborted.
	The system macro SYSTEM_PERIODIC_REMOVE expression '((JobStatus == 5) && (time() - EnteredCurrentStatus > 3600 * 48)) || ((JobStatus == 2) && (T3Queue == "long") && (time() - EnteredCurrentStatus > 240 * 3600)) || ((JobStatus == 2) && (T3Queue == "short") && (time() - EnteredCurrentStatus > 120 * 60)) || ((JobStatus == 2) && (T3Queue == "reserv") && (time() - EnteredCurrentStatus > 48 * 3600))' evaluated to TRUE
...
