000 (791838.006.000) 2026-04-20 15:34:15 Job submitted from host: <134.158.133.27:9618?addrs=134.158.133.27-9618&alias=llrt3condor.in2p3.fr&noUDP&sock=schedd_33061_acb1>
...
040 (791838.006.000) 2026-04-20 15:34:19 Started transferring input files
	Transferring to host: <134.158.132.105:9618?addrs=134.158.132.105-9618&alias=llrgrwn011.in2p3.fr&noUDP&sock=slot1_1_1176132_244c_9363>
...
040 (791838.006.000) 2026-04-20 15:34:19 Finished transferring input files
...
001 (791838.006.000) 2026-04-20 15:34:20 Job executing on host: <134.158.132.105:9618?addrs=134.158.132.105-9618&alias=llrgrwn011.in2p3.fr&noUDP&sock=startd_1313_2ff0>
	SlotName: slot1_1@llrgrwn011.in2p3.fr
	CondorScratchDir = "/var/lib/condor/execute/dir_1428757"
	Cpus = 1
	Disk = 2048
	GPUs = 0
	Memory = 4096
...
006 (791838.006.000) 2026-04-20 15:34:29 Image size of job updated: 15960
	16  -  MemoryUsage of job (MB)
	15960  -  ResidentSetSize of job (KB)
...
006 (791838.006.000) 2026-04-20 15:39:30 Image size of job updated: 42520
	16  -  MemoryUsage of job (MB)
	15960  -  ResidentSetSize of job (KB)
...
006 (791838.006.000) 2026-04-20 15:44:31 Image size of job updated: 90156
	41  -  MemoryUsage of job (MB)
	41276  -  ResidentSetSize of job (KB)
...
006 (791838.006.000) 2026-04-20 15:49:31 Image size of job updated: 90156
	41  -  MemoryUsage of job (MB)
	41496  -  ResidentSetSize of job (KB)
...
006 (791838.006.000) 2026-04-20 15:54:31 Image size of job updated: 90156
	41  -  MemoryUsage of job (MB)
	41596  -  ResidentSetSize of job (KB)
...
006 (791838.006.000) 2026-04-20 15:59:32 Image size of job updated: 90156
	42  -  MemoryUsage of job (MB)
	42328  -  ResidentSetSize of job (KB)
...
006 (791838.006.000) 2026-04-20 16:04:33 Image size of job updated: 90156
	42  -  MemoryUsage of job (MB)
	42404  -  ResidentSetSize of job (KB)
...
006 (791838.006.000) 2026-04-20 16:09:33 Image size of job updated: 90156
	42  -  MemoryUsage of job (MB)
	42516  -  ResidentSetSize of job (KB)
...
006 (791838.006.000) 2026-04-20 16:14:34 Image size of job updated: 90156
	42  -  MemoryUsage of job (MB)
	42696  -  ResidentSetSize of job (KB)
...
006 (791838.006.000) 2026-04-20 16:19:35 Image size of job updated: 90156
	42  -  MemoryUsage of job (MB)
	42764  -  ResidentSetSize of job (KB)
...
006 (791838.006.000) 2026-04-20 16:24:35 Image size of job updated: 90156
	42  -  MemoryUsage of job (MB)
	42852  -  ResidentSetSize of job (KB)
...
006 (791838.006.000) 2026-04-20 16:34:37 Image size of job updated: 90156
	43  -  MemoryUsage of job (MB)
	43096  -  ResidentSetSize of job (KB)
...
006 (791838.006.000) 2026-04-20 16:39:37 Image size of job updated: 90156
	43  -  MemoryUsage of job (MB)
	43100  -  ResidentSetSize of job (KB)
...
006 (791838.006.000) 2026-04-20 16:44:37 Image size of job updated: 90156
	43  -  MemoryUsage of job (MB)
	43304  -  ResidentSetSize of job (KB)
...
006 (791838.006.000) 2026-04-20 16:49:38 Image size of job updated: 90156
	43  -  MemoryUsage of job (MB)
	43592  -  ResidentSetSize of job (KB)
...
006 (791838.006.000) 2026-04-20 16:54:38 Image size of job updated: 90156
	43  -  MemoryUsage of job (MB)
	43932  -  ResidentSetSize of job (KB)
...
006 (791838.006.000) 2026-04-20 16:59:38 Image size of job updated: 90156
	43  -  MemoryUsage of job (MB)
	44012  -  ResidentSetSize of job (KB)
...
006 (791838.006.000) 2026-04-20 17:04:39 Image size of job updated: 90156
	44  -  MemoryUsage of job (MB)
	44120  -  ResidentSetSize of job (KB)
...
006 (791838.006.000) 2026-04-20 17:14:40 Image size of job updated: 90156
	44  -  MemoryUsage of job (MB)
	44280  -  ResidentSetSize of job (KB)
...
006 (791838.006.000) 2026-04-20 17:19:41 Image size of job updated: 90156
	44  -  MemoryUsage of job (MB)
	44296  -  ResidentSetSize of job (KB)
...
006 (791838.006.000) 2026-04-20 17:24:42 Image size of job updated: 90156
	44  -  MemoryUsage of job (MB)
	44464  -  ResidentSetSize of job (KB)
...
006 (791838.006.000) 2026-04-20 17:29:42 Image size of job updated: 90156
	44  -  MemoryUsage of job (MB)
	44536  -  ResidentSetSize of job (KB)
...
009 (791838.006.000) 2026-04-20 17:34:42 Job was aborted.
	The system macro SYSTEM_PERIODIC_REMOVE expression '((JobStatus == 5) && (time() - EnteredCurrentStatus > 3600 * 48)) || ((JobStatus == 2) && (T3Queue == "long") && (time() - EnteredCurrentStatus > 240 * 3600)) || ((JobStatus == 2) && (T3Queue == "short") && (time() - EnteredCurrentStatus > 120 * 60)) || ((JobStatus == 2) && (T3Queue == "reserv") && (time() - EnteredCurrentStatus > 48 * 3600))' evaluated to TRUE
...
000 (793420.006.000) 2026-04-22 10:37:53 Job submitted from host: <134.158.133.27:9618?addrs=134.158.133.27-9618&alias=llrt3condor.in2p3.fr&noUDP&sock=schedd_33061_acb1>
...
040 (793420.006.000) 2026-04-22 10:37:58 Started transferring input files
	Transferring to host: <134.158.132.120:9618?addrs=134.158.132.120-9618&alias=llrgrwn012.in2p3.fr&noUDP&sock=slot1_2_1503345_4d26_370>
...
040 (793420.006.000) 2026-04-22 10:37:58 Finished transferring input files
...
001 (793420.006.000) 2026-04-22 10:37:59 Job executing on host: <134.158.132.120:9618?addrs=134.158.132.120-9618&alias=llrgrwn012.in2p3.fr&noUDP&sock=startd_1305_b32e>
	SlotName: slot1_2@llrgrwn012.in2p3.fr
	CondorScratchDir = "/var/lib/condor/execute/dir_1823614"
	Cpus = 1
	Disk = 2048
	GPUs = 0
	Memory = 4096
...
006 (793420.006.000) 2026-04-22 10:38:08 Image size of job updated: 6580
	7  -  MemoryUsage of job (MB)
	6580  -  ResidentSetSize of job (KB)
...
006 (793420.006.000) 2026-04-22 10:43:09 Image size of job updated: 89884
	40  -  MemoryUsage of job (MB)
	40172  -  ResidentSetSize of job (KB)
...
006 (793420.006.000) 2026-04-22 10:48:10 Image size of job updated: 89884
	41  -  MemoryUsage of job (MB)
	41204  -  ResidentSetSize of job (KB)
...
006 (793420.006.000) 2026-04-22 10:53:10 Image size of job updated: 89884
	41  -  MemoryUsage of job (MB)
	41268  -  ResidentSetSize of job (KB)
...
006 (793420.006.000) 2026-04-22 10:58:10 Image size of job updated: 89884
	41  -  MemoryUsage of job (MB)
	41484  -  ResidentSetSize of job (KB)
...
006 (793420.006.000) 2026-04-22 11:03:11 Image size of job updated: 89884
	42  -  MemoryUsage of job (MB)
	42120  -  ResidentSetSize of job (KB)
...
006 (793420.006.000) 2026-04-22 11:08:11 Image size of job updated: 89884
	42  -  MemoryUsage of job (MB)
	42332  -  ResidentSetSize of job (KB)
...
006 (793420.006.000) 2026-04-22 11:13:11 Image size of job updated: 89884
	42  -  MemoryUsage of job (MB)
	42464  -  ResidentSetSize of job (KB)
...
006 (793420.006.000) 2026-04-22 11:23:13 Image size of job updated: 89884
	42  -  MemoryUsage of job (MB)
	42612  -  ResidentSetSize of job (KB)
...
006 (793420.006.000) 2026-04-22 11:28:13 Image size of job updated: 89884
	42  -  MemoryUsage of job (MB)
	42668  -  ResidentSetSize of job (KB)
...
006 (793420.006.000) 2026-04-22 11:33:14 Image size of job updated: 89884
	42  -  MemoryUsage of job (MB)
	42872  -  ResidentSetSize of job (KB)
...
006 (793420.006.000) 2026-04-22 11:38:15 Image size of job updated: 89884
	42  -  MemoryUsage of job (MB)
	42968  -  ResidentSetSize of job (KB)
...
006 (793420.006.000) 2026-04-22 11:43:15 Image size of job updated: 89884
	43  -  MemoryUsage of job (MB)
	43084  -  ResidentSetSize of job (KB)
...
006 (793420.006.000) 2026-04-22 11:48:16 Image size of job updated: 89884
	43  -  MemoryUsage of job (MB)
	43584  -  ResidentSetSize of job (KB)
...
006 (793420.006.000) 2026-04-22 11:53:17 Image size of job updated: 89884
	43  -  MemoryUsage of job (MB)
	43708  -  ResidentSetSize of job (KB)
...
006 (793420.006.000) 2026-04-22 11:58:17 Image size of job updated: 89884
	43  -  MemoryUsage of job (MB)
	43884  -  ResidentSetSize of job (KB)
...
006 (793420.006.000) 2026-04-22 12:03:17 Image size of job updated: 89884
	43  -  MemoryUsage of job (MB)
	43936  -  ResidentSetSize of job (KB)
...
006 (793420.006.000) 2026-04-22 12:08:18 Image size of job updated: 89884
	44  -  MemoryUsage of job (MB)
	44092  -  ResidentSetSize of job (KB)
...
006 (793420.006.000) 2026-04-22 12:23:19 Image size of job updated: 89884
	44  -  MemoryUsage of job (MB)
	44260  -  ResidentSetSize of job (KB)
...
009 (793420.006.000) 2026-04-22 12:38:21 Job was aborted.
	The system macro SYSTEM_PERIODIC_REMOVE expression '((JobStatus == 5) && (time() - EnteredCurrentStatus > 3600 * 48)) || ((JobStatus == 2) && (T3Queue == "long") && (time() - EnteredCurrentStatus > 240 * 3600)) || ((JobStatus == 2) && (T3Queue == "short") && (time() - EnteredCurrentStatus > 120 * 60)) || ((JobStatus == 2) && (T3Queue == "reserv") && (time() - EnteredCurrentStatus > 48 * 3600))' evaluated to TRUE
...
000 (793909.006.000) 2026-04-22 16:01:08 Job submitted from host: <134.158.133.27:9618?addrs=134.158.133.27-9618&alias=llrt3condor.in2p3.fr&noUDP&sock=schedd_33061_acb1>
...
040 (793909.006.000) 2026-04-22 16:12:13 Started transferring input files
	Transferring to host: <134.158.133.32:9618?addrs=134.158.133.32-9618&alias=llrgrwn090.in2p3.fr&noUDP&sock=slot1_28_1258932_3b73_1535>
...
040 (793909.006.000) 2026-04-22 16:12:13 Finished transferring input files
...
001 (793909.006.000) 2026-04-22 16:12:14 Job executing on host: <134.158.133.32:9618?addrs=134.158.133.32-9618&alias=llrgrwn090.in2p3.fr&noUDP&sock=startd_490374_5adb>
	SlotName: slot1_28@llrgrwn090.in2p3.fr
	CondorScratchDir = "/var/lib/condor/execute/dir_3567629"
	Cpus = 1
	Disk = 2048
	GPUs = 0
	Memory = 4096
...
006 (793909.006.000) 2026-04-22 16:12:23 Image size of job updated: 27920
	28  -  MemoryUsage of job (MB)
	27920  -  ResidentSetSize of job (KB)
...
006 (793909.006.000) 2026-04-22 16:15:22 Image size of job updated: 3115096
	28  -  MemoryUsage of job (MB)
	27928  -  ResidentSetSize of job (KB)
...
040 (793909.006.000) 2026-04-22 16:15:23 Started transferring output files
...
040 (793909.006.000) 2026-04-22 16:15:23 Finished transferring output files
...
005 (793909.006.000) 2026-04-22 16:15:23 Job terminated.
	(1) Normal termination (return value 0)
		Usr 0 00:02:03, Sys 0 00:00:14  -  Run Remote Usage
		Usr 0 00:00:00, Sys 0 00:00:00  -  Run Local Usage
		Usr 0 00:02:03, Sys 0 00:00:14  -  Total Remote Usage
		Usr 0 00:00:00, Sys 0 00:00:00  -  Total Local Usage
	997388  -  Run Bytes Sent By Job
	1697  -  Run Bytes Received By Job
	997388  -  Total Bytes Sent By Job
	1697  -  Total Bytes Received By Job
	Partitionable Resources :    Usage  Request Allocated 
	   Cpus                 :        0        1         1 
	   Disk (KB)            :      998        2      2048 
	   GPUs                 :                           0 
	   Memory (MB)          :       28     4096      4096 
	   TimeExecute (s)      :      188                    
	   TimeSlotBusy (s)     :      190                    

	Job terminated of its own accord at 2026-04-22T14:15:22Z with exit-code 0.
...
000 (793910.006.000) 2026-04-22 16:17:08 Job submitted from host: <134.158.133.27:9618?addrs=134.158.133.27-9618&alias=llrt3condor.in2p3.fr&noUDP&sock=schedd_33061_acb1>
...
040 (793910.006.000) 2026-04-22 16:26:09 Started transferring input files
	Transferring to host: <134.158.132.105:9618?addrs=134.158.132.105-9618&alias=llrgrwn011.in2p3.fr&noUDP&sock=slot1_30_1176132_244c_9829>
...
040 (793910.006.000) 2026-04-22 16:26:10 Finished transferring input files
...
001 (793910.006.000) 2026-04-22 16:26:11 Job executing on host: <134.158.132.105:9618?addrs=134.158.132.105-9618&alias=llrgrwn011.in2p3.fr&noUDP&sock=startd_1313_2ff0>
	SlotName: slot1_30@llrgrwn011.in2p3.fr
	CondorScratchDir = "/var/lib/condor/execute/dir_2015822"
	Cpus = 1
	Disk = 2048
	GPUs = 0
	Memory = 4096
...
006 (793910.006.000) 2026-04-22 16:26:19 Image size of job updated: 29508
	29  -  MemoryUsage of job (MB)
	29508  -  ResidentSetSize of job (KB)
...
006 (793910.006.000) 2026-04-22 16:31:19 Image size of job updated: 40780
	40  -  MemoryUsage of job (MB)
	40728  -  ResidentSetSize of job (KB)
...
006 (793910.006.000) 2026-04-22 16:36:19 Image size of job updated: 90852
	40  -  MemoryUsage of job (MB)
	40728  -  ResidentSetSize of job (KB)
...
006 (793910.006.000) 2026-04-22 16:46:21 Image size of job updated: 90852
	41  -  MemoryUsage of job (MB)
	41096  -  ResidentSetSize of job (KB)
...
006 (793910.006.000) 2026-04-22 16:51:21 Image size of job updated: 90852
	41  -  MemoryUsage of job (MB)
	41144  -  ResidentSetSize of job (KB)
...
006 (793910.006.000) 2026-04-22 16:56:22 Image size of job updated: 90852
	41  -  MemoryUsage of job (MB)
	41324  -  ResidentSetSize of job (KB)
...
006 (793910.006.000) 2026-04-22 17:01:23 Image size of job updated: 90852
	41  -  MemoryUsage of job (MB)
	41348  -  ResidentSetSize of job (KB)
...
006 (793910.006.000) 2026-04-22 17:06:23 Image size of job updated: 90852
	41  -  MemoryUsage of job (MB)
	41444  -  ResidentSetSize of job (KB)
...
006 (793910.006.000) 2026-04-22 17:11:23 Image size of job updated: 90852
	41  -  MemoryUsage of job (MB)
	41848  -  ResidentSetSize of job (KB)
...
006 (793910.006.000) 2026-04-22 17:16:24 Image size of job updated: 90852
	42  -  MemoryUsage of job (MB)
	42084  -  ResidentSetSize of job (KB)
...
006 (793910.006.000) 2026-04-22 17:21:24 Image size of job updated: 90852
	42  -  MemoryUsage of job (MB)
	42164  -  ResidentSetSize of job (KB)
...
006 (793910.006.000) 2026-04-22 17:26:24 Image size of job updated: 90852
	42  -  MemoryUsage of job (MB)
	42252  -  ResidentSetSize of job (KB)
...
006 (793910.006.000) 2026-04-22 17:31:25 Image size of job updated: 90852
	42  -  MemoryUsage of job (MB)
	42340  -  ResidentSetSize of job (KB)
...
006 (793910.006.000) 2026-04-22 17:41:25 Image size of job updated: 90852
	42  -  MemoryUsage of job (MB)
	42400  -  ResidentSetSize of job (KB)
...
006 (793910.006.000) 2026-04-22 17:46:26 Image size of job updated: 90852
	42  -  MemoryUsage of job (MB)
	42444  -  ResidentSetSize of job (KB)
...
006 (793910.006.000) 2026-04-22 18:01:28 Image size of job updated: 90852
	42  -  MemoryUsage of job (MB)
	42500  -  ResidentSetSize of job (KB)
...
006 (793910.006.000) 2026-04-22 18:11:29 Image size of job updated: 90852
	42  -  MemoryUsage of job (MB)
	42520  -  ResidentSetSize of job (KB)
...
006 (793910.006.000) 2026-04-22 18:16:29 Image size of job updated: 90852
	42  -  MemoryUsage of job (MB)
	42632  -  ResidentSetSize of job (KB)
...
006 (793910.006.000) 2026-04-22 18:21:30 Image size of job updated: 90852
	42  -  MemoryUsage of job (MB)
	42652  -  ResidentSetSize of job (KB)
...
006 (793910.006.000) 2026-04-22 18:26:30 Image size of job updated: 90852
	42  -  MemoryUsage of job (MB)
	42780  -  ResidentSetSize of job (KB)
...
009 (793910.006.000) 2026-04-22 18:26:35 Job was aborted.
	The system macro SYSTEM_PERIODIC_REMOVE expression '((JobStatus == 5) && (time() - EnteredCurrentStatus > 3600 * 48)) || ((JobStatus == 2) && (T3Queue == "long") && (time() - EnteredCurrentStatus > 240 * 3600)) || ((JobStatus == 2) && (T3Queue == "short") && (time() - EnteredCurrentStatus > 120 * 60)) || ((JobStatus == 2) && (T3Queue == "reserv") && (time() - EnteredCurrentStatus > 48 * 3600))' evaluated to TRUE
...
000 (793911.006.000) 2026-04-22 23:49:07 Job submitted from host: <134.158.133.27:9618?addrs=134.158.133.27-9618&alias=llrt3condor.in2p3.fr&noUDP&sock=schedd_33061_acb1>
...
040 (793911.006.000) 2026-04-22 23:50:09 Started transferring input files
	Transferring to host: <134.158.132.177:9618?addrs=134.158.132.177-9618&alias=llrgrwn073.in2p3.fr&noUDP&sock=slot1_2_1537_b498_461>
...
040 (793911.006.000) 2026-04-22 23:50:09 Finished transferring input files
...
001 (793911.006.000) 2026-04-22 23:50:10 Job executing on host: <134.158.132.177:9618?addrs=134.158.132.177-9618&alias=llrgrwn073.in2p3.fr&noUDP&sock=startd_1495_062d>
	SlotName: slot1_2@llrgrwn073.in2p3.fr
	CondorScratchDir = "/var/lib/condor/execute/dir_391223"
	Cpus = 1
	Disk = 2048
	GPUs = 0
	Memory = 4096
...
006 (793911.006.000) 2026-04-22 23:50:18 Image size of job updated: 38004
	38  -  MemoryUsage of job (MB)
	38004  -  ResidentSetSize of job (KB)
...
006 (793911.006.000) 2026-04-22 23:55:18 Image size of job updated: 41572
	40  -  MemoryUsage of job (MB)
	40788  -  ResidentSetSize of job (KB)
...
006 (793911.006.000) 2026-04-23 00:05:19 Image size of job updated: 41572
	41  -  MemoryUsage of job (MB)
	41000  -  ResidentSetSize of job (KB)
...
006 (793911.006.000) 2026-04-23 00:10:19 Image size of job updated: 41572
	41  -  MemoryUsage of job (MB)
	41148  -  ResidentSetSize of job (KB)
...
006 (793911.006.000) 2026-04-23 00:15:19 Image size of job updated: 41572
	41  -  MemoryUsage of job (MB)
	41372  -  ResidentSetSize of job (KB)
...
006 (793911.006.000) 2026-04-23 00:20:20 Image size of job updated: 41572
	41  -  MemoryUsage of job (MB)
	41376  -  ResidentSetSize of job (KB)
...
006 (793911.006.000) 2026-04-23 00:25:21 Image size of job updated: 41572
	41  -  MemoryUsage of job (MB)
	41572  -  ResidentSetSize of job (KB)
...
006 (793911.006.000) 2026-04-23 00:30:21 Image size of job updated: 41908
	41  -  MemoryUsage of job (MB)
	41908  -  ResidentSetSize of job (KB)
...
006 (793911.006.000) 2026-04-23 00:35:22 Image size of job updated: 42120
	42  -  MemoryUsage of job (MB)
	42120  -  ResidentSetSize of job (KB)
...
006 (793911.006.000) 2026-04-23 00:40:23 Image size of job updated: 42204
	42  -  MemoryUsage of job (MB)
	42204  -  ResidentSetSize of job (KB)
...
006 (793911.006.000) 2026-04-23 00:45:23 Image size of job updated: 42296
	42  -  MemoryUsage of job (MB)
	42296  -  ResidentSetSize of job (KB)
...
006 (793911.006.000) 2026-04-23 00:55:24 Image size of job updated: 42452
	42  -  MemoryUsage of job (MB)
	42452  -  ResidentSetSize of job (KB)
...
006 (793911.006.000) 2026-04-23 01:00:24 Image size of job updated: 42504
	42  -  MemoryUsage of job (MB)
	42504  -  ResidentSetSize of job (KB)
...
006 (793911.006.000) 2026-04-23 01:10:25 Image size of job updated: 42572
	42  -  MemoryUsage of job (MB)
	42572  -  ResidentSetSize of job (KB)
...
006 (793911.006.000) 2026-04-23 01:25:26 Image size of job updated: 42632
	42  -  MemoryUsage of job (MB)
	42632  -  ResidentSetSize of job (KB)
...
006 (793911.006.000) 2026-04-23 01:30:27 Image size of job updated: 42780
	42  -  MemoryUsage of job (MB)
	42780  -  ResidentSetSize of job (KB)
...
006 (793911.006.000) 2026-04-23 01:40:28 Image size of job updated: 42796
	42  -  MemoryUsage of job (MB)
	42796  -  ResidentSetSize of job (KB)
...
006 (793911.006.000) 2026-04-23 01:45:29 Image size of job updated: 42992
	42  -  MemoryUsage of job (MB)
	42992  -  ResidentSetSize of job (KB)
...
006 (793911.006.000) 2026-04-23 01:50:29 Image size of job updated: 43008
	42  -  MemoryUsage of job (MB)
	43008  -  ResidentSetSize of job (KB)
...
009 (793911.006.000) 2026-04-23 01:50:29 Job was aborted.
	The system macro SYSTEM_PERIODIC_REMOVE expression '((JobStatus == 5) && (time() - EnteredCurrentStatus > 3600 * 48)) || ((JobStatus == 2) && (T3Queue == "long") && (time() - EnteredCurrentStatus > 240 * 3600)) || ((JobStatus == 2) && (T3Queue == "short") && (time() - EnteredCurrentStatus > 120 * 60)) || ((JobStatus == 2) && (T3Queue == "reserv") && (time() - EnteredCurrentStatus > 48 * 3600))' evaluated to TRUE
...
000 (793914.006.000) 2026-04-23 11:57:32 Job submitted from host: <134.158.133.27:9618?addrs=134.158.133.27-9618&alias=llrt3condor.in2p3.fr&noUDP&sock=schedd_33061_acb1>
...
040 (793914.006.000) 2026-04-23 11:57:42 Started transferring input files
	Transferring to host: <134.158.132.172:9618?addrs=134.158.132.172-9618&alias=llrgrwn049.in2p3.fr&noUDP&sock=slot1_1_1399_78d2_399>
...
040 (793914.006.000) 2026-04-23 11:57:42 Finished transferring input files
...
001 (793914.006.000) 2026-04-23 11:57:43 Job executing on host: <134.158.132.172:9618?addrs=134.158.132.172-9618&alias=llrgrwn049.in2p3.fr&noUDP&sock=startd_1283_9c19>
	SlotName: slot1_1@llrgrwn049.in2p3.fr
	CondorScratchDir = "/var/lib/condor/execute/dir_544407"
	Cpus = 1
	Disk = 2048
	GPUs = 0
	Memory = 4096
...
006 (793914.006.000) 2026-04-23 11:57:52 Image size of job updated: 22436
	22  -  MemoryUsage of job (MB)
	22436  -  ResidentSetSize of job (KB)
...
006 (793914.006.000) 2026-04-23 12:02:53 Image size of job updated: 41248
	22  -  MemoryUsage of job (MB)
	22436  -  ResidentSetSize of job (KB)
...
006 (793914.006.000) 2026-04-23 12:07:54 Image size of job updated: 41248
	41  -  MemoryUsage of job (MB)
	41100  -  ResidentSetSize of job (KB)
...
006 (793914.006.000) 2026-04-23 12:12:54 Image size of job updated: 41248
	41  -  MemoryUsage of job (MB)
	41220  -  ResidentSetSize of job (KB)
...
006 (793914.006.000) 2026-04-23 12:15:08 Image size of job updated: 41340
	41  -  MemoryUsage of job (MB)
	41220  -  ResidentSetSize of job (KB)
...
004 (793914.006.000) 2026-04-23 12:15:13 Job was evicted.
	(0) CPU times
		Usr 0 00:15:47, Sys 0 00:00:52  -  Run Remote Usage
		Usr 0 00:00:00, Sys 0 00:00:00  -  Run Local Usage
	0  -  Run Bytes Sent By Job
	1692  -  Run Bytes Received By Job
	Partitionable Resources :    Usage  Request Allocated 
	   Cpus                 :     0.99        1         1 
	   Disk (KB)            :    84           2      2048 
	   GPUs                 :                           0 
	   Memory (MB)          :    41        4096      4096 
	   TimeExecute (s)      :  1044                       
	   TimeSlotBusy (s)     :  1046                       
...
009 (793914.006.000) 2026-04-23 12:15:15 Job was aborted.
	via condor_rm (by user adufour)
...
000 (793916.006.000) 2026-04-23 12:16:56 Job submitted from host: <134.158.133.27:9618?addrs=134.158.133.27-9618&alias=llrt3condor.in2p3.fr&noUDP&sock=schedd_33061_acb1>
...
040 (793916.006.000) 2026-04-23 12:17:00 Started transferring input files
	Transferring to host: <134.158.132.179:9618?addrs=134.158.132.179-9618&alias=llrgrwn055.in2p3.fr&noUDP&sock=slot1_1_1361_b290_421>
...
040 (793916.006.000) 2026-04-23 12:17:01 Finished transferring input files
...
001 (793916.006.000) 2026-04-23 12:17:02 Job executing on host: <134.158.132.179:9618?addrs=134.158.132.179-9618&alias=llrgrwn055.in2p3.fr&noUDP&sock=startd_1270_b15e>
	SlotName: slot1_1@llrgrwn055.in2p3.fr
	CondorScratchDir = "/var/lib/condor/execute/dir_545744"
	Cpus = 1
	Disk = 2048
	GPUs = 0
	Memory = 4096
...
006 (793916.006.000) 2026-04-23 12:17:10 Image size of job updated: 40264
	40  -  MemoryUsage of job (MB)
	40264  -  ResidentSetSize of job (KB)
...
006 (793916.006.000) 2026-04-23 12:22:10 Image size of job updated: 40716
	40  -  MemoryUsage of job (MB)
	40264  -  ResidentSetSize of job (KB)
...
006 (793916.006.000) 2026-04-23 12:27:11 Image size of job updated: 89852
	41  -  MemoryUsage of job (MB)
	41104  -  ResidentSetSize of job (KB)
...
006 (793916.006.000) 2026-04-23 12:32:12 Image size of job updated: 89852
	41  -  MemoryUsage of job (MB)
	41308  -  ResidentSetSize of job (KB)
...
006 (793916.006.000) 2026-04-23 12:37:12 Image size of job updated: 89852
	41  -  MemoryUsage of job (MB)
	41344  -  ResidentSetSize of job (KB)
...
006 (793916.006.000) 2026-04-23 12:42:13 Image size of job updated: 89852
	41  -  MemoryUsage of job (MB)
	41824  -  ResidentSetSize of job (KB)
...
006 (793916.006.000) 2026-04-23 12:47:14 Image size of job updated: 89852
	42  -  MemoryUsage of job (MB)
	42108  -  ResidentSetSize of job (KB)
...
006 (793916.006.000) 2026-04-23 12:52:14 Image size of job updated: 89852
	42  -  MemoryUsage of job (MB)
	42148  -  ResidentSetSize of job (KB)
...
006 (793916.006.000) 2026-04-23 12:57:14 Image size of job updated: 89852
	42  -  MemoryUsage of job (MB)
	42228  -  ResidentSetSize of job (KB)
...
006 (793916.006.000) 2026-04-23 13:02:15 Image size of job updated: 89852
	42  -  MemoryUsage of job (MB)
	42332  -  ResidentSetSize of job (KB)
...
006 (793916.006.000) 2026-04-23 13:12:15 Image size of job updated: 89852
	42  -  MemoryUsage of job (MB)
	42444  -  ResidentSetSize of job (KB)
...
006 (793916.006.000) 2026-04-23 13:22:16 Image size of job updated: 89852
	42  -  MemoryUsage of job (MB)
	42456  -  ResidentSetSize of job (KB)
...
006 (793916.006.000) 2026-04-23 13:27:16 Image size of job updated: 89852
	42  -  MemoryUsage of job (MB)
	42504  -  ResidentSetSize of job (KB)
...
006 (793916.006.000) 2026-04-23 13:32:17 Image size of job updated: 89852
	42  -  MemoryUsage of job (MB)
	42592  -  ResidentSetSize of job (KB)
...
006 (793916.006.000) 2026-04-23 13:47:19 Image size of job updated: 89852
	42  -  MemoryUsage of job (MB)
	42640  -  ResidentSetSize of job (KB)
...
006 (793916.006.000) 2026-04-23 13:52:20 Image size of job updated: 89852
	42  -  MemoryUsage of job (MB)
	42788  -  ResidentSetSize of job (KB)
...
006 (793916.006.000) 2026-04-23 14:12:21 Image size of job updated: 89852
	42  -  MemoryUsage of job (MB)
	42888  -  ResidentSetSize of job (KB)
...
006 (793916.006.000) 2026-04-23 14:17:21 Image size of job updated: 89852
	42  -  MemoryUsage of job (MB)
	42932  -  ResidentSetSize of job (KB)
...
006 (793916.006.000) 2026-04-23 14:22:22 Image size of job updated: 89852
	42  -  MemoryUsage of job (MB)
	42948  -  ResidentSetSize of job (KB)
...
006 (793916.006.000) 2026-04-23 14:27:22 Image size of job updated: 89852
	42  -  MemoryUsage of job (MB)
	42968  -  ResidentSetSize of job (KB)
...
006 (793916.006.000) 2026-04-23 14:32:22 Image size of job updated: 89852
	43  -  MemoryUsage of job (MB)
	43368  -  ResidentSetSize of job (KB)
...
006 (793916.006.000) 2026-04-23 14:37:23 Image size of job updated: 89852
	43  -  MemoryUsage of job (MB)
	43488  -  ResidentSetSize of job (KB)
...
006 (793916.006.000) 2026-04-23 14:42:24 Image size of job updated: 89852
	43  -  MemoryUsage of job (MB)
	43512  -  ResidentSetSize of job (KB)
...
006 (793916.006.000) 2026-04-23 14:47:24 Image size of job updated: 89852
	43  -  MemoryUsage of job (MB)
	43604  -  ResidentSetSize of job (KB)
...
006 (793916.006.000) 2026-04-23 14:52:25 Image size of job updated: 89852
	43  -  MemoryUsage of job (MB)
	43760  -  ResidentSetSize of job (KB)
...
006 (793916.006.000) 2026-04-23 14:57:26 Image size of job updated: 89852
	43  -  MemoryUsage of job (MB)
	43816  -  ResidentSetSize of job (KB)
...
006 (793916.006.000) 2026-04-23 15:02:26 Image size of job updated: 89852
	43  -  MemoryUsage of job (MB)
	44028  -  ResidentSetSize of job (KB)
...
006 (793916.006.000) 2026-04-23 15:07:26 Image size of job updated: 89852
	44  -  MemoryUsage of job (MB)
	44132  -  ResidentSetSize of job (KB)
...
006 (793916.006.000) 2026-04-23 15:12:27 Image size of job updated: 89852
	44  -  MemoryUsage of job (MB)
	44164  -  ResidentSetSize of job (KB)
...
006 (793916.006.000) 2026-04-23 15:17:27 Image size of job updated: 89852
	44  -  MemoryUsage of job (MB)
	44192  -  ResidentSetSize of job (KB)
...
006 (793916.006.000) 2026-04-23 15:22:27 Image size of job updated: 89852
	44  -  MemoryUsage of job (MB)
	44212  -  ResidentSetSize of job (KB)
...
006 (793916.006.000) 2026-04-23 15:27:28 Image size of job updated: 89852
	44  -  MemoryUsage of job (MB)
	44388  -  ResidentSetSize of job (KB)
...
006 (793916.006.000) 2026-04-23 15:32:28 Image size of job updated: 89852
	44  -  MemoryUsage of job (MB)
	44508  -  ResidentSetSize of job (KB)
...
006 (793916.006.000) 2026-04-23 15:37:28 Image size of job updated: 89852
	44  -  MemoryUsage of job (MB)
	44696  -  ResidentSetSize of job (KB)
...
006 (793916.006.000) 2026-04-23 15:52:30 Image size of job updated: 89852
	44  -  MemoryUsage of job (MB)
	44824  -  ResidentSetSize of job (KB)
...
006 (793916.006.000) 2026-04-23 15:57:31 Image size of job updated: 89852
	44  -  MemoryUsage of job (MB)
	45040  -  ResidentSetSize of job (KB)
...
006 (793916.006.000) 2026-04-23 16:12:33 Image size of job updated: 89852
	45  -  MemoryUsage of job (MB)
	45208  -  ResidentSetSize of job (KB)
...
006 (793916.006.000) 2026-04-23 16:27:34 Image size of job updated: 89852
	45  -  MemoryUsage of job (MB)
	45728  -  ResidentSetSize of job (KB)
...
006 (793916.006.000) 2026-04-23 16:32:35 Image size of job updated: 89852
	45  -  MemoryUsage of job (MB)
	45792  -  ResidentSetSize of job (KB)
...
006 (793916.006.000) 2026-04-23 16:37:35 Image size of job updated: 89852
	45  -  MemoryUsage of job (MB)
	45896  -  ResidentSetSize of job (KB)
...
006 (793916.006.000) 2026-04-23 16:42:35 Image size of job updated: 89852
	45  -  MemoryUsage of job (MB)
	46056  -  ResidentSetSize of job (KB)
...
006 (793916.006.000) 2026-04-23 16:52:37 Image size of job updated: 89852
	46  -  MemoryUsage of job (MB)
	46220  -  ResidentSetSize of job (KB)
...
006 (793916.006.000) 2026-04-23 17:02:38 Image size of job updated: 89852
	46  -  MemoryUsage of job (MB)
	46392  -  ResidentSetSize of job (KB)
...
006 (793916.006.000) 2026-04-23 17:32:41 Image size of job updated: 89852
	46  -  MemoryUsage of job (MB)
	46560  -  ResidentSetSize of job (KB)
...
006 (793916.006.000) 2026-04-23 18:02:44 Image size of job updated: 89852
	46  -  MemoryUsage of job (MB)
	47024  -  ResidentSetSize of job (KB)
...
006 (793916.006.000) 2026-04-23 18:12:46 Image size of job updated: 89852
	46  -  MemoryUsage of job (MB)
	47100  -  ResidentSetSize of job (KB)
...
006 (793916.006.000) 2026-04-23 18:27:47 Image size of job updated: 89852
	46  -  MemoryUsage of job (MB)
	47104  -  ResidentSetSize of job (KB)
...
006 (793916.006.000) 2026-04-23 18:42:48 Image size of job updated: 89852
	47  -  MemoryUsage of job (MB)
	47272  -  ResidentSetSize of job (KB)
...
006 (793916.006.000) 2026-04-23 19:12:52 Image size of job updated: 89852
	47  -  MemoryUsage of job (MB)
	47432  -  ResidentSetSize of job (KB)
...
006 (793916.006.000) 2026-04-23 19:42:54 Image size of job updated: 89852
	47  -  MemoryUsage of job (MB)
	47600  -  ResidentSetSize of job (KB)
...
006 (793916.006.000) 2026-04-23 20:02:57 Image size of job updated: 89852
	47  -  MemoryUsage of job (MB)
	47640  -  ResidentSetSize of job (KB)
...
006 (793916.006.000) 2026-04-23 20:48:00 Image size of job updated: 89852
	47  -  MemoryUsage of job (MB)
	47964  -  ResidentSetSize of job (KB)
...
006 (793916.006.000) 2026-04-23 21:23:04 Image size of job updated: 89852
	48  -  MemoryUsage of job (MB)
	48376  -  ResidentSetSize of job (KB)
...
006 (793916.006.000) 2026-04-23 21:33:05 Image size of job updated: 89852
	48  -  MemoryUsage of job (MB)
	48460  -  ResidentSetSize of job (KB)
...
006 (793916.006.000) 2026-04-23 22:48:13 Image size of job updated: 89852
	48  -  MemoryUsage of job (MB)
	48792  -  ResidentSetSize of job (KB)
...
006 (793916.006.000) 2026-04-23 23:18:16 Image size of job updated: 89852
	48  -  MemoryUsage of job (MB)
	48952  -  ResidentSetSize of job (KB)
...
006 (793916.006.000) 2026-04-23 23:38:18 Image size of job updated: 89852
	48  -  MemoryUsage of job (MB)
	49028  -  ResidentSetSize of job (KB)
...
006 (793916.006.000) 2026-04-23 23:58:21 Image size of job updated: 89852
	49  -  MemoryUsage of job (MB)
	49448  -  ResidentSetSize of job (KB)
...
006 (793916.006.000) 2026-04-24 00:18:22 Image size of job updated: 89852
	49  -  MemoryUsage of job (MB)
	49844  -  ResidentSetSize of job (KB)
...
006 (793916.006.000) 2026-04-24 00:23:22 Image size of job updated: 89852
	50  -  MemoryUsage of job (MB)
	50188  -  ResidentSetSize of job (KB)
...
006 (793916.006.000) 2026-04-24 00:28:23 Image size of job updated: 89852
	50  -  MemoryUsage of job (MB)
	50332  -  ResidentSetSize of job (KB)
...
006 (793916.006.000) 2026-04-24 00:33:23 Image size of job updated: 89852
	50  -  MemoryUsage of job (MB)
	50512  -  ResidentSetSize of job (KB)
...
006 (793916.006.000) 2026-04-24 00:48:25 Image size of job updated: 89852
	50  -  MemoryUsage of job (MB)
	50624  -  ResidentSetSize of job (KB)
...
006 (793916.006.000) 2026-04-24 01:03:27 Image size of job updated: 89852
	50  -  MemoryUsage of job (MB)
	50812  -  ResidentSetSize of job (KB)
...
006 (793916.006.000) 2026-04-24 01:08:27 Image size of job updated: 89852
	50  -  MemoryUsage of job (MB)
	50896  -  ResidentSetSize of job (KB)
...
006 (793916.006.000) 2026-04-24 01:13:28 Image size of job updated: 89852
	51  -  MemoryUsage of job (MB)
	51672  -  ResidentSetSize of job (KB)
...
006 (793916.006.000) 2026-04-24 01:18:29 Image size of job updated: 89852
	51  -  MemoryUsage of job (MB)
	51684  -  ResidentSetSize of job (KB)
...
006 (793916.006.000) 2026-04-24 01:58:32 Image size of job updated: 89852
	51  -  MemoryUsage of job (MB)
	52104  -  ResidentSetSize of job (KB)
...
006 (793916.006.000) 2026-04-24 02:33:36 Image size of job updated: 89852
	51  -  MemoryUsage of job (MB)
	52132  -  ResidentSetSize of job (KB)
...
006 (793916.006.000) 2026-04-24 02:43:37 Image size of job updated: 89852
	52  -  MemoryUsage of job (MB)
	52300  -  ResidentSetSize of job (KB)
...
006 (793916.006.000) 2026-04-24 03:03:39 Image size of job updated: 89852
	52  -  MemoryUsage of job (MB)
	52716  -  ResidentSetSize of job (KB)
...
006 (793916.006.000) 2026-04-24 03:18:40 Image size of job updated: 89852
	52  -  MemoryUsage of job (MB)
	52744  -  ResidentSetSize of job (KB)
...
006 (793916.006.000) 2026-04-24 03:23:41 Image size of job updated: 89852
	52  -  MemoryUsage of job (MB)
	52908  -  ResidentSetSize of job (KB)
...
006 (793916.006.000) 2026-04-24 03:38:42 Image size of job updated: 89852
	52  -  MemoryUsage of job (MB)
	52912  -  ResidentSetSize of job (KB)
...
006 (793916.006.000) 2026-04-24 04:08:46 Image size of job updated: 89852
	52  -  MemoryUsage of job (MB)
	53244  -  ResidentSetSize of job (KB)
...
006 (793916.006.000) 2026-04-24 04:48:50 Image size of job updated: 89852
	53  -  MemoryUsage of job (MB)
	53340  -  ResidentSetSize of job (KB)
...
006 (793916.006.000) 2026-04-24 05:18:54 Image size of job updated: 89852
	53  -  MemoryUsage of job (MB)
	53732  -  ResidentSetSize of job (KB)
...
006 (793916.006.000) 2026-04-24 05:43:55 Image size of job updated: 89852
	53  -  MemoryUsage of job (MB)
	53920  -  ResidentSetSize of job (KB)
...
006 (793916.006.000) 2026-04-24 06:08:58 Image size of job updated: 89852
	54  -  MemoryUsage of job (MB)
	54592  -  ResidentSetSize of job (KB)
...
006 (793916.006.000) 2026-04-24 06:13:58 Image size of job updated: 89852
	54  -  MemoryUsage of job (MB)
	54768  -  ResidentSetSize of job (KB)
...
006 (793916.006.000) 2026-04-24 07:29:06 Image size of job updated: 89852
	54  -  MemoryUsage of job (MB)
	54800  -  ResidentSetSize of job (KB)
...
006 (793916.006.000) 2026-04-24 07:54:07 Image size of job updated: 89852
	54  -  MemoryUsage of job (MB)
	55224  -  ResidentSetSize of job (KB)
...
006 (793916.006.000) 2026-04-24 09:44:17 Image size of job updated: 89852
	56  -  MemoryUsage of job (MB)
	56524  -  ResidentSetSize of job (KB)
...
004 (793916.006.000) 2026-04-24 10:39:57 Job was evicted.
	(0) CPU times
		Usr 0 20:54:58, Sys 0 00:43:30  -  Run Remote Usage
		Usr 0 00:00:00, Sys 0 00:00:00  -  Run Local Usage
	0  -  Run Bytes Sent By Job
	1867  -  Run Bytes Received By Job
	Partitionable Resources :    Usage  Request Allocated 
	   Cpus                 :     0.97        1         1 
	   Disk (KB)            :  1078           2      2048 
	   GPUs                 :                           0 
	   Memory (MB)          :    56        4096      4096 
	   TimeExecute (s)      : 80575                       
	   TimeSlotBusy (s)     : 80576                       
...
009 (793916.006.000) 2026-04-24 10:39:57 Job was aborted.
	via condor_rm (by user adufour)
...
000 (795247.006.000) 2026-04-24 11:49:04 Job submitted from host: <134.158.133.27:9618?addrs=134.158.133.27-9618&alias=llrt3condor.in2p3.fr&noUDP&sock=schedd_33061_acb1>
...
040 (795247.006.000) 2026-04-24 11:49:05 Started transferring input files
	Transferring to host: <134.158.133.24:9618?addrs=134.158.133.24-9618&alias=llrgrwn087.in2p3.fr&noUDP&sock=slot1_34_1066213_4336_12481>
...
040 (795247.006.000) 2026-04-24 11:49:05 Finished transferring input files
...
001 (795247.006.000) 2026-04-24 11:49:06 Job executing on host: <134.158.133.24:9618?addrs=134.158.133.24-9618&alias=llrgrwn087.in2p3.fr&noUDP&sock=startd_1054455_00af>
	SlotName: slot1_34@llrgrwn087.in2p3.fr
	CondorScratchDir = "/var/lib/condor/execute/dir_3674897"
	Cpus = 1
	Disk = 2048
	GPUs = 0
	Memory = 4096
...
006 (795247.006.000) 2026-04-24 11:49:15 Image size of job updated: 6908
	7  -  MemoryUsage of job (MB)
	6908  -  ResidentSetSize of job (KB)
...
006 (795247.006.000) 2026-04-24 11:54:16 Image size of job updated: 41172
	40  -  MemoryUsage of job (MB)
	40380  -  ResidentSetSize of job (KB)
...
006 (795247.006.000) 2026-04-24 11:59:17 Image size of job updated: 93124
	40  -  MemoryUsage of job (MB)
	40656  -  ResidentSetSize of job (KB)
...
006 (795247.006.000) 2026-04-24 12:04:17 Image size of job updated: 93124
	41  -  MemoryUsage of job (MB)
	41116  -  ResidentSetSize of job (KB)
...
006 (795247.006.000) 2026-04-24 12:09:18 Image size of job updated: 93124
	41  -  MemoryUsage of job (MB)
	41336  -  ResidentSetSize of job (KB)
...
006 (795247.006.000) 2026-04-24 12:14:19 Image size of job updated: 93124
	41  -  MemoryUsage of job (MB)
	41412  -  ResidentSetSize of job (KB)
...
006 (795247.006.000) 2026-04-24 12:19:19 Image size of job updated: 93124
	41  -  MemoryUsage of job (MB)
	41836  -  ResidentSetSize of job (KB)
...
006 (795247.006.000) 2026-04-24 12:24:19 Image size of job updated: 93124
	42  -  MemoryUsage of job (MB)
	42080  -  ResidentSetSize of job (KB)
...
006 (795247.006.000) 2026-04-24 12:29:20 Image size of job updated: 93124
	42  -  MemoryUsage of job (MB)
	42208  -  ResidentSetSize of job (KB)
...
006 (795247.006.000) 2026-04-24 12:34:20 Image size of job updated: 93124
	42  -  MemoryUsage of job (MB)
	42308  -  ResidentSetSize of job (KB)
...
006 (795247.006.000) 2026-04-24 12:39:20 Image size of job updated: 93124
	42  -  MemoryUsage of job (MB)
	42424  -  ResidentSetSize of job (KB)
...
006 (795247.006.000) 2026-04-24 12:44:21 Image size of job updated: 93124
	42  -  MemoryUsage of job (MB)
	42444  -  ResidentSetSize of job (KB)
...
006 (795247.006.000) 2026-04-24 12:49:22 Image size of job updated: 93124
	42  -  MemoryUsage of job (MB)
	42548  -  ResidentSetSize of job (KB)
...
006 (795247.006.000) 2026-04-24 12:54:22 Image size of job updated: 93124
	42  -  MemoryUsage of job (MB)
	42568  -  ResidentSetSize of job (KB)
...
006 (795247.006.000) 2026-04-24 13:04:24 Image size of job updated: 93124
	42  -  MemoryUsage of job (MB)
	42840  -  ResidentSetSize of job (KB)
...
006 (795247.006.000) 2026-04-24 13:19:25 Image size of job updated: 93124
	42  -  MemoryUsage of job (MB)
	42984  -  ResidentSetSize of job (KB)
...
006 (795247.006.000) 2026-04-24 13:24:25 Image size of job updated: 93124
	42  -  MemoryUsage of job (MB)
	42992  -  ResidentSetSize of job (KB)
...
006 (795247.006.000) 2026-04-24 13:29:25 Image size of job updated: 93124
	43  -  MemoryUsage of job (MB)
	43492  -  ResidentSetSize of job (KB)
...
006 (795247.006.000) 2026-04-24 13:39:27 Image size of job updated: 93124
	43  -  MemoryUsage of job (MB)
	43600  -  ResidentSetSize of job (KB)
...
006 (795247.006.000) 2026-04-24 13:44:27 Image size of job updated: 93124
	43  -  MemoryUsage of job (MB)
	43752  -  ResidentSetSize of job (KB)
...
006 (795247.006.000) 2026-04-24 13:54:29 Image size of job updated: 93124
	43  -  MemoryUsage of job (MB)
	43824  -  ResidentSetSize of job (KB)
...
006 (795247.006.000) 2026-04-24 13:59:29 Image size of job updated: 93124
	44  -  MemoryUsage of job (MB)
	44044  -  ResidentSetSize of job (KB)
...
006 (795247.006.000) 2026-04-24 14:14:31 Image size of job updated: 93124
	44  -  MemoryUsage of job (MB)
	44204  -  ResidentSetSize of job (KB)
...
006 (795247.006.000) 2026-04-24 14:24:32 Image size of job updated: 93124
	44  -  MemoryUsage of job (MB)
	44260  -  ResidentSetSize of job (KB)
...
006 (795247.006.000) 2026-04-24 14:29:32 Image size of job updated: 93124
	44  -  MemoryUsage of job (MB)
	44420  -  ResidentSetSize of job (KB)
...
005 (795247.006.000) 2026-04-25 15:20:01 Job terminated.
	(1) Normal termination (return value 1)
		Usr 1 02:15:42, Sys 0 00:50:35  -  Run Remote Usage
		Usr 0 00:00:00, Sys 0 00:00:00  -  Run Local Usage
		Usr 1 02:15:42, Sys 0 00:50:35  -  Total Remote Usage
		Usr 0 00:00:00, Sys 0 00:00:00  -  Total Local Usage
	1467304  -  Run Bytes Sent By Job
	1867  -  Run Bytes Received By Job
	1467304  -  Total Bytes Sent By Job
	1867  -  Total Bytes Received By Job

	Job terminated of its own accord at 2026-04-25T13:16:06Z with exit-code 1.
...
