000 (791838.001.000) 2026-04-20 15:34:15 Job submitted from host: <134.158.133.27:9618?addrs=134.158.133.27-9618&alias=llrt3condor.in2p3.fr&noUDP&sock=schedd_33061_acb1>
...
040 (791838.001.000) 2026-04-20 15:34:18 Started transferring input files
	Transferring to host: <134.158.132.86:9618?addrs=134.158.132.86-9618&alias=llrgrwn025.in2p3.fr&noUDP&sock=slot1_1_1157926_5e28_8270>
...
040 (791838.001.000) 2026-04-20 15:34:19 Finished transferring input files
...
001 (791838.001.000) 2026-04-20 15:34:20 Job executing on host: <134.158.132.86:9618?addrs=134.158.132.86-9618&alias=llrgrwn025.in2p3.fr&noUDP&sock=startd_1150090_a878>
	SlotName: slot1_1@llrgrwn025.in2p3.fr
	CondorScratchDir = "/var/lib/condor/execute/dir_1231188"
	Cpus = 1
	Disk = 2048
	GPUs = 0
	Memory = 4096
...
006 (791838.001.000) 2026-04-20 15:34:28 Image size of job updated: 7596
	8  -  MemoryUsage of job (MB)
	7596  -  ResidentSetSize of job (KB)
...
006 (791838.001.000) 2026-04-20 15:39:28 Image size of job updated: 41336
	33  -  MemoryUsage of job (MB)
	33352  -  ResidentSetSize of job (KB)
...
006 (791838.001.000) 2026-04-20 15:44:28 Image size of job updated: 105424
	103  -  MemoryUsage of job (MB)
	105424  -  ResidentSetSize of job (KB)
...
006 (791838.001.000) 2026-04-20 15:49:29 Image size of job updated: 105912
	104  -  MemoryUsage of job (MB)
	105912  -  ResidentSetSize of job (KB)
...
006 (791838.001.000) 2026-04-20 15:54:29 Image size of job updated: 105988
	104  -  MemoryUsage of job (MB)
	105988  -  ResidentSetSize of job (KB)
...
006 (791838.001.000) 2026-04-20 15:59:29 Image size of job updated: 106096
	104  -  MemoryUsage of job (MB)
	106096  -  ResidentSetSize of job (KB)
...
006 (791838.001.000) 2026-04-20 16:04:30 Image size of job updated: 106132
	104  -  MemoryUsage of job (MB)
	106132  -  ResidentSetSize of job (KB)
...
006 (791838.001.000) 2026-04-20 16:09:31 Image size of job updated: 106256
	104  -  MemoryUsage of job (MB)
	106256  -  ResidentSetSize of job (KB)
...
006 (791838.001.000) 2026-04-20 16:14:31 Image size of job updated: 106392
	104  -  MemoryUsage of job (MB)
	106392  -  ResidentSetSize of job (KB)
...
006 (791838.001.000) 2026-04-20 16:19:32 Image size of job updated: 106460
	104  -  MemoryUsage of job (MB)
	106460  -  ResidentSetSize of job (KB)
...
006 (791838.001.000) 2026-04-20 16:24:33 Image size of job updated: 106508
	105  -  MemoryUsage of job (MB)
	106508  -  ResidentSetSize of job (KB)
...
006 (791838.001.000) 2026-04-20 16:29:33 Image size of job updated: 106544
	105  -  MemoryUsage of job (MB)
	106544  -  ResidentSetSize of job (KB)
...
006 (791838.001.000) 2026-04-20 16:34:33 Image size of job updated: 106752
	105  -  MemoryUsage of job (MB)
	106752  -  ResidentSetSize of job (KB)
...
006 (791838.001.000) 2026-04-20 16:44:34 Image size of job updated: 107012
	105  -  MemoryUsage of job (MB)
	107012  -  ResidentSetSize of job (KB)
...
006 (791838.001.000) 2026-04-20 16:59:36 Image size of job updated: 107316
	105  -  MemoryUsage of job (MB)
	107316  -  ResidentSetSize of job (KB)
...
006 (791838.001.000) 2026-04-20 17:14:38 Image size of job updated: 107332
	105  -  MemoryUsage of job (MB)
	107332  -  ResidentSetSize of job (KB)
...
006 (791838.001.000) 2026-04-20 17:19:38 Image size of job updated: 107616
	106  -  MemoryUsage of job (MB)
	107616  -  ResidentSetSize of job (KB)
...
006 (791838.001.000) 2026-04-20 17:24:38 Image size of job updated: 107632
	106  -  MemoryUsage of job (MB)
	107632  -  ResidentSetSize of job (KB)
...
006 (791838.001.000) 2026-04-20 17:34:39 Image size of job updated: 107684
	106  -  MemoryUsage of job (MB)
	107632  -  ResidentSetSize of job (KB)
...
009 (791838.001.000) 2026-04-20 17:34:40 Job was aborted.
	The system macro SYSTEM_PERIODIC_REMOVE expression '((JobStatus == 5) && (time() - EnteredCurrentStatus > 3600 * 48)) || ((JobStatus == 2) && (T3Queue == "long") && (time() - EnteredCurrentStatus > 240 * 3600)) || ((JobStatus == 2) && (T3Queue == "short") && (time() - EnteredCurrentStatus > 120 * 60)) || ((JobStatus == 2) && (T3Queue == "reserv") && (time() - EnteredCurrentStatus > 48 * 3600))' evaluated to TRUE
...
000 (793420.001.000) 2026-04-22 10:37:53 Job submitted from host: <134.158.133.27:9618?addrs=134.158.133.27-9618&alias=llrt3condor.in2p3.fr&noUDP&sock=schedd_33061_acb1>
...
040 (793420.001.000) 2026-04-22 10:37:55 Started transferring input files
	Transferring to host: <134.158.132.86:9618?addrs=134.158.132.86-9618&alias=llrgrwn025.in2p3.fr&noUDP&sock=slot1_3_1157926_5e28_8588>
...
001 (793420.001.000) 2026-04-22 10:37:58 Job executing on host: <134.158.132.86:9618?addrs=134.158.132.86-9618&alias=llrgrwn025.in2p3.fr&noUDP&sock=startd_1150090_a878>
	SlotName: slot1_3@llrgrwn025.in2p3.fr
	CondorScratchDir = "/var/lib/condor/execute/dir_1725131"
	Cpus = 1
	Disk = 2048
	GPUs = 0
	Memory = 4096
...
040 (793420.001.000) 2026-04-22 10:37:58 Finished transferring input files
...
006 (793420.001.000) 2026-04-22 10:38:06 Image size of job updated: 9624
	7  -  MemoryUsage of job (MB)
	6572  -  ResidentSetSize of job (KB)
...
006 (793420.001.000) 2026-04-22 10:43:06 Image size of job updated: 42324
	33  -  MemoryUsage of job (MB)
	33464  -  ResidentSetSize of job (KB)
...
006 (793420.001.000) 2026-04-22 10:48:07 Image size of job updated: 105152
	103  -  MemoryUsage of job (MB)
	105152  -  ResidentSetSize of job (KB)
...
006 (793420.001.000) 2026-04-22 10:53:08 Image size of job updated: 105640
	104  -  MemoryUsage of job (MB)
	105640  -  ResidentSetSize of job (KB)
...
006 (793420.001.000) 2026-04-22 10:58:08 Image size of job updated: 105716
	104  -  MemoryUsage of job (MB)
	105716  -  ResidentSetSize of job (KB)
...
006 (793420.001.000) 2026-04-22 11:03:08 Image size of job updated: 105824
	104  -  MemoryUsage of job (MB)
	105824  -  ResidentSetSize of job (KB)
...
006 (793420.001.000) 2026-04-22 11:08:09 Image size of job updated: 105860
	104  -  MemoryUsage of job (MB)
	105860  -  ResidentSetSize of job (KB)
...
006 (793420.001.000) 2026-04-22 11:13:09 Image size of job updated: 105888
	104  -  MemoryUsage of job (MB)
	105888  -  ResidentSetSize of job (KB)
...
006 (793420.001.000) 2026-04-22 11:18:09 Image size of job updated: 106120
	104  -  MemoryUsage of job (MB)
	106120  -  ResidentSetSize of job (KB)
...
006 (793420.001.000) 2026-04-22 11:23:10 Image size of job updated: 106188
	104  -  MemoryUsage of job (MB)
	106188  -  ResidentSetSize of job (KB)
...
006 (793420.001.000) 2026-04-22 11:28:11 Image size of job updated: 106236
	104  -  MemoryUsage of job (MB)
	106236  -  ResidentSetSize of job (KB)
...
006 (793420.001.000) 2026-04-22 11:33:11 Image size of job updated: 106268
	104  -  MemoryUsage of job (MB)
	106268  -  ResidentSetSize of job (KB)
...
006 (793420.001.000) 2026-04-22 11:38:12 Image size of job updated: 106480
	104  -  MemoryUsage of job (MB)
	106480  -  ResidentSetSize of job (KB)
...
006 (793420.001.000) 2026-04-22 11:43:13 Image size of job updated: 106592
	105  -  MemoryUsage of job (MB)
	106592  -  ResidentSetSize of job (KB)
...
006 (793420.001.000) 2026-04-22 11:48:13 Image size of job updated: 106736
	105  -  MemoryUsage of job (MB)
	106736  -  ResidentSetSize of job (KB)
...
006 (793420.001.000) 2026-04-22 12:03:15 Image size of job updated: 107044
	105  -  MemoryUsage of job (MB)
	107044  -  ResidentSetSize of job (KB)
...
006 (793420.001.000) 2026-04-22 12:23:17 Image size of job updated: 107052
	105  -  MemoryUsage of job (MB)
	107052  -  ResidentSetSize of job (KB)
...
006 (793420.001.000) 2026-04-22 12:28:18 Image size of job updated: 107060
	105  -  MemoryUsage of job (MB)
	107060  -  ResidentSetSize of job (KB)
...
006 (793420.001.000) 2026-04-22 12:33:18 Image size of job updated: 107228
	105  -  MemoryUsage of job (MB)
	107228  -  ResidentSetSize of job (KB)
...
006 (793420.001.000) 2026-04-22 12:38:18 Image size of job updated: 107340
	105  -  MemoryUsage of job (MB)
	107228  -  ResidentSetSize of job (KB)
...
009 (793420.001.000) 2026-04-22 12:38:19 Job was aborted.
	The system macro SYSTEM_PERIODIC_REMOVE expression '((JobStatus == 5) && (time() - EnteredCurrentStatus > 3600 * 48)) || ((JobStatus == 2) && (T3Queue == "long") && (time() - EnteredCurrentStatus > 240 * 3600)) || ((JobStatus == 2) && (T3Queue == "short") && (time() - EnteredCurrentStatus > 120 * 60)) || ((JobStatus == 2) && (T3Queue == "reserv") && (time() - EnteredCurrentStatus > 48 * 3600))' evaluated to TRUE
...
000 (793909.001.000) 2026-04-22 16:01:08 Job submitted from host: <134.158.133.27:9618?addrs=134.158.133.27-9618&alias=llrt3condor.in2p3.fr&noUDP&sock=schedd_33061_acb1>
...
040 (793909.001.000) 2026-04-22 16:08:13 Started transferring input files
	Transferring to host: <134.158.133.26:9618?addrs=134.158.133.26-9618&alias=llrgrwn089.in2p3.fr&noUDP&sock=slot1_45_595553_b6f3_12130>
...
040 (793909.001.000) 2026-04-22 16:08:13 Finished transferring input files
...
001 (793909.001.000) 2026-04-22 16:08:14 Job executing on host: <134.158.133.26:9618?addrs=134.158.133.26-9618&alias=llrgrwn089.in2p3.fr&noUDP&sock=startd_582275_cc02>
	SlotName: slot1_45@llrgrwn089.in2p3.fr
	CondorScratchDir = "/var/lib/condor/execute/dir_2513262"
	Cpus = 1
	Disk = 2048
	GPUs = 0
	Memory = 4096
...
006 (793909.001.000) 2026-04-22 16:08:23 Image size of job updated: 33172
	33  -  MemoryUsage of job (MB)
	33172  -  ResidentSetSize of job (KB)
...
006 (793909.001.000) 2026-04-22 16:11:25 Image size of job updated: 3165784
	33  -  MemoryUsage of job (MB)
	33172  -  ResidentSetSize of job (KB)
...
040 (793909.001.000) 2026-04-22 16:11:25 Started transferring output files
...
040 (793909.001.000) 2026-04-22 16:11:25 Finished transferring output files
...
005 (793909.001.000) 2026-04-22 16:11:25 Job terminated.
	(1) Normal termination (return value 0)
		Usr 0 00:02:03, Sys 0 00:00:14  -  Run Remote Usage
		Usr 0 00:00:00, Sys 0 00:00:00  -  Run Local Usage
		Usr 0 00:02:03, Sys 0 00:00:14  -  Total Remote Usage
		Usr 0 00:00:00, Sys 0 00:00:00  -  Total Local Usage
	992531  -  Run Bytes Sent By Job
	1697  -  Run Bytes Received By Job
	992531  -  Total Bytes Sent By Job
	1697  -  Total Bytes Received By Job
	Partitionable Resources :    Usage  Request Allocated 
	   Cpus                 :     0.29        1         1 
	   Disk (KB)            :   993           2      2048 
	   GPUs                 :                           0 
	   Memory (MB)          :    33        4096      4096 
	   TimeExecute (s)      :   191                       
	   TimeSlotBusy (s)     :   192                       

	Job terminated of its own accord at 2026-04-22T14:11:25Z with exit-code 0.
...
000 (793910.001.000) 2026-04-22 16:17:08 Job submitted from host: <134.158.133.27:9618?addrs=134.158.133.27-9618&alias=llrt3condor.in2p3.fr&noUDP&sock=schedd_33061_acb1>
...
040 (793910.001.000) 2026-04-22 16:25:10 Started transferring input files
	Transferring to host: <134.158.133.32:9618?addrs=134.158.133.32-9618&alias=llrgrwn090.in2p3.fr&noUDP&sock=slot1_27_1258932_3b73_1540>
...
040 (793910.001.000) 2026-04-22 16:25:11 Finished transferring input files
...
001 (793910.001.000) 2026-04-22 16:25:12 Job executing on host: <134.158.133.32:9618?addrs=134.158.133.32-9618&alias=llrgrwn090.in2p3.fr&noUDP&sock=startd_490374_5adb>
	SlotName: slot1_27@llrgrwn090.in2p3.fr
	CondorScratchDir = "/var/lib/condor/execute/dir_3570365"
	Cpus = 1
	Disk = 2048
	GPUs = 0
	Memory = 4096
...
006 (793910.001.000) 2026-04-22 16:25:20 Image size of job updated: 40992
	41  -  MemoryUsage of job (MB)
	40992  -  ResidentSetSize of job (KB)
...
006 (793910.001.000) 2026-04-22 16:30:20 Image size of job updated: 42020
	41  -  MemoryUsage of job (MB)
	41008  -  ResidentSetSize of job (KB)
...
006 (793910.001.000) 2026-04-22 16:35:21 Image size of job updated: 105124
	103  -  MemoryUsage of job (MB)
	105124  -  ResidentSetSize of job (KB)
...
006 (793910.001.000) 2026-04-22 16:40:22 Image size of job updated: 105500
	104  -  MemoryUsage of job (MB)
	105500  -  ResidentSetSize of job (KB)
...
006 (793910.001.000) 2026-04-22 16:45:22 Image size of job updated: 105632
	104  -  MemoryUsage of job (MB)
	105632  -  ResidentSetSize of job (KB)
...
006 (793910.001.000) 2026-04-22 16:50:22 Image size of job updated: 105700
	104  -  MemoryUsage of job (MB)
	105700  -  ResidentSetSize of job (KB)
...
006 (793910.001.000) 2026-04-22 16:55:23 Image size of job updated: 105780
	104  -  MemoryUsage of job (MB)
	105780  -  ResidentSetSize of job (KB)
...
006 (793910.001.000) 2026-04-22 17:00:23 Image size of job updated: 105860
	104  -  MemoryUsage of job (MB)
	105860  -  ResidentSetSize of job (KB)
...
006 (793910.001.000) 2026-04-22 17:10:24 Image size of job updated: 105944
	104  -  MemoryUsage of job (MB)
	105944  -  ResidentSetSize of job (KB)
...
006 (793910.001.000) 2026-04-22 17:15:24 Image size of job updated: 106116
	104  -  MemoryUsage of job (MB)
	106116  -  ResidentSetSize of job (KB)
...
006 (793910.001.000) 2026-04-22 17:25:25 Image size of job updated: 106204
	104  -  MemoryUsage of job (MB)
	106204  -  ResidentSetSize of job (KB)
...
006 (793910.001.000) 2026-04-22 17:30:26 Image size of job updated: 106396
	104  -  MemoryUsage of job (MB)
	106396  -  ResidentSetSize of job (KB)
...
006 (793910.001.000) 2026-04-22 17:45:28 Image size of job updated: 106412
	104  -  MemoryUsage of job (MB)
	106412  -  ResidentSetSize of job (KB)
...
006 (793910.001.000) 2026-04-22 17:50:28 Image size of job updated: 106684
	105  -  MemoryUsage of job (MB)
	106684  -  ResidentSetSize of job (KB)
...
006 (793910.001.000) 2026-04-22 18:05:29 Image size of job updated: 106876
	105  -  MemoryUsage of job (MB)
	106876  -  ResidentSetSize of job (KB)
...
006 (793910.001.000) 2026-04-22 18:15:30 Image size of job updated: 106892
	105  -  MemoryUsage of job (MB)
	106892  -  ResidentSetSize of job (KB)
...
006 (793910.001.000) 2026-04-22 18:20:31 Image size of job updated: 106960
	105  -  MemoryUsage of job (MB)
	106960  -  ResidentSetSize of job (KB)
...
006 (793910.001.000) 2026-04-22 18:25:31 Image size of job updated: 107240
	105  -  MemoryUsage of job (MB)
	107240  -  ResidentSetSize of job (KB)
...
009 (793910.001.000) 2026-04-22 18:25:31 Job was aborted.
	The system macro SYSTEM_PERIODIC_REMOVE expression '((JobStatus == 5) && (time() - EnteredCurrentStatus > 3600 * 48)) || ((JobStatus == 2) && (T3Queue == "long") && (time() - EnteredCurrentStatus > 240 * 3600)) || ((JobStatus == 2) && (T3Queue == "short") && (time() - EnteredCurrentStatus > 120 * 60)) || ((JobStatus == 2) && (T3Queue == "reserv") && (time() - EnteredCurrentStatus > 48 * 3600))' evaluated to TRUE
...
000 (793911.001.000) 2026-04-22 23:49:07 Job submitted from host: <134.158.133.27:9618?addrs=134.158.133.27-9618&alias=llrt3condor.in2p3.fr&noUDP&sock=schedd_33061_acb1>
...
040 (793911.001.000) 2026-04-22 23:49:08 Started transferring input files
	Transferring to host: <134.158.132.112:9618?addrs=134.158.132.112-9618&alias=llrgrwn039.in2p3.fr&noUDP&sock=slot1_3_538272_117a_9751>
...
040 (793911.001.000) 2026-04-22 23:49:08 Finished transferring input files
...
001 (793911.001.000) 2026-04-22 23:49:09 Job executing on host: <134.158.132.112:9618?addrs=134.158.132.112-9618&alias=llrgrwn039.in2p3.fr&noUDP&sock=startd_532268_2781>
	SlotName: slot1_3@llrgrwn039.in2p3.fr
	CondorScratchDir = "/var/lib/condor/execute/dir_1759964"
	Cpus = 1
	Disk = 2048
	GPUs = 0
	Memory = 4096
...
006 (793911.001.000) 2026-04-22 23:49:18 Image size of job updated: 18944
	7  -  MemoryUsage of job (MB)
	6904  -  ResidentSetSize of job (KB)
...
006 (793911.001.000) 2026-04-22 23:54:19 Image size of job updated: 41200
	33  -  MemoryUsage of job (MB)
	33184  -  ResidentSetSize of job (KB)
...
006 (793911.001.000) 2026-04-22 23:59:19 Image size of job updated: 41204
	33  -  MemoryUsage of job (MB)
	33184  -  ResidentSetSize of job (KB)
...
006 (793911.001.000) 2026-04-23 00:04:20 Image size of job updated: 105124
	103  -  MemoryUsage of job (MB)
	105124  -  ResidentSetSize of job (KB)
...
006 (793911.001.000) 2026-04-23 00:09:21 Image size of job updated: 105328
	103  -  MemoryUsage of job (MB)
	105328  -  ResidentSetSize of job (KB)
...
006 (793911.001.000) 2026-04-23 00:14:21 Image size of job updated: 105500
	104  -  MemoryUsage of job (MB)
	105500  -  ResidentSetSize of job (KB)
...
006 (793911.001.000) 2026-04-23 00:19:21 Image size of job updated: 105632
	104  -  MemoryUsage of job (MB)
	105632  -  ResidentSetSize of job (KB)
...
006 (793911.001.000) 2026-04-23 00:24:22 Image size of job updated: 105660
	104  -  MemoryUsage of job (MB)
	105660  -  ResidentSetSize of job (KB)
...
006 (793911.001.000) 2026-04-23 00:29:22 Image size of job updated: 105704
	104  -  MemoryUsage of job (MB)
	105704  -  ResidentSetSize of job (KB)
...
006 (793911.001.000) 2026-04-23 00:34:22 Image size of job updated: 105784
	104  -  MemoryUsage of job (MB)
	105784  -  ResidentSetSize of job (KB)
...
006 (793911.001.000) 2026-04-23 00:39:23 Image size of job updated: 105864
	104  -  MemoryUsage of job (MB)
	105864  -  ResidentSetSize of job (KB)
...
006 (793911.001.000) 2026-04-23 00:59:26 Image size of job updated: 105944
	104  -  MemoryUsage of job (MB)
	105944  -  ResidentSetSize of job (KB)
...
006 (793911.001.000) 2026-04-23 01:04:26 Image size of job updated: 106116
	104  -  MemoryUsage of job (MB)
	106116  -  ResidentSetSize of job (KB)
...
006 (793911.001.000) 2026-04-23 01:24:27 Image size of job updated: 106204
	104  -  MemoryUsage of job (MB)
	106204  -  ResidentSetSize of job (KB)
...
006 (793911.001.000) 2026-04-23 01:29:28 Image size of job updated: 106396
	104  -  MemoryUsage of job (MB)
	106396  -  ResidentSetSize of job (KB)
...
006 (793911.001.000) 2026-04-23 01:49:30 Image size of job updated: 106412
	104  -  MemoryUsage of job (MB)
	106396  -  ResidentSetSize of job (KB)
...
009 (793911.001.000) 2026-04-23 01:49:30 Job was aborted.
	The system macro SYSTEM_PERIODIC_REMOVE expression '((JobStatus == 5) && (time() - EnteredCurrentStatus > 3600 * 48)) || ((JobStatus == 2) && (T3Queue == "long") && (time() - EnteredCurrentStatus > 240 * 3600)) || ((JobStatus == 2) && (T3Queue == "short") && (time() - EnteredCurrentStatus > 120 * 60)) || ((JobStatus == 2) && (T3Queue == "reserv") && (time() - EnteredCurrentStatus > 48 * 3600))' evaluated to TRUE
...
000 (793914.001.000) 2026-04-23 11:57:31 Job submitted from host: <134.158.133.27:9618?addrs=134.158.133.27-9618&alias=llrt3condor.in2p3.fr&noUDP&sock=schedd_33061_acb1>
...
040 (793914.001.000) 2026-04-23 11:57:40 Started transferring input files
	Transferring to host: <134.158.132.87:9618?addrs=134.158.132.87-9618&alias=llrgrwn026.in2p3.fr&noUDP&sock=slot1_2_1163540_f04c_8792>
...
040 (793914.001.000) 2026-04-23 11:57:41 Finished transferring input files
...
001 (793914.001.000) 2026-04-23 11:57:42 Job executing on host: <134.158.132.87:9618?addrs=134.158.132.87-9618&alias=llrgrwn026.in2p3.fr&noUDP&sock=startd_1148272_a94b>
	SlotName: slot1_2@llrgrwn026.in2p3.fr
	CondorScratchDir = "/var/lib/condor/execute/dir_2011154"
	Cpus = 1
	Disk = 2048
	GPUs = 0
	Memory = 4096
...
006 (793914.001.000) 2026-04-23 11:57:50 Image size of job updated: 6912
	7  -  MemoryUsage of job (MB)
	6912  -  ResidentSetSize of job (KB)
...
006 (793914.001.000) 2026-04-23 12:02:50 Image size of job updated: 40824
	40  -  MemoryUsage of job (MB)
	39988  -  ResidentSetSize of job (KB)
...
006 (793914.001.000) 2026-04-23 12:07:51 Image size of job updated: 105176
	103  -  MemoryUsage of job (MB)
	105176  -  ResidentSetSize of job (KB)
...
006 (793914.001.000) 2026-04-23 12:12:52 Image size of job updated: 105620
	104  -  MemoryUsage of job (MB)
	105620  -  ResidentSetSize of job (KB)
...
004 (793914.001.000) 2026-04-23 12:15:12 Job was evicted.
	(0) CPU times
		Usr 0 00:15:41, Sys 0 00:00:49  -  Run Remote Usage
		Usr 0 00:00:00, Sys 0 00:00:00  -  Run Local Usage
	0  -  Run Bytes Sent By Job
	1692  -  Run Bytes Received By Job
	Partitionable Resources :    Usage  Request Allocated 
	   Cpus                 :     0.99        1         1 
	   Disk (KB)            :    78           2      2048 
	   GPUs                 :                           0 
	   Memory (MB)          :   104        4096      4096 
	   TimeExecute (s)      :  1046                       
	   TimeSlotBusy (s)     :  1047                       
...
009 (793914.001.000) 2026-04-23 12:15:15 Job was aborted.
	via condor_rm (by user adufour)
...
000 (793916.001.000) 2026-04-23 12:16:56 Job submitted from host: <134.158.133.27:9618?addrs=134.158.133.27-9618&alias=llrt3condor.in2p3.fr&noUDP&sock=schedd_33061_acb1>
...
040 (793916.001.000) 2026-04-23 12:16:59 Started transferring input files
	Transferring to host: <134.158.132.92:9618?addrs=134.158.132.92-9618&alias=llrgrwn031.in2p3.fr&noUDP&sock=slot1_1_1296_e62e_308>
...
040 (793916.001.000) 2026-04-23 12:16:59 Finished transferring input files
...
001 (793916.001.000) 2026-04-23 12:17:00 Job executing on host: <134.158.132.92:9618?addrs=134.158.132.92-9618&alias=llrgrwn031.in2p3.fr&noUDP&sock=startd_1205_1bb6>
	SlotName: slot1_1@llrgrwn031.in2p3.fr
	CondorScratchDir = "/var/lib/condor/execute/dir_505754"
	Cpus = 1
	Disk = 2048
	GPUs = 0
	Memory = 4096
...
006 (793916.001.000) 2026-04-23 12:17:09 Image size of job updated: 32772
	33  -  MemoryUsage of job (MB)
	32772  -  ResidentSetSize of job (KB)
...
006 (793916.001.000) 2026-04-23 12:22:10 Image size of job updated: 40980
	33  -  MemoryUsage of job (MB)
	32772  -  ResidentSetSize of job (KB)
...
006 (793916.001.000) 2026-04-23 12:27:10 Image size of job updated: 105400
	103  -  MemoryUsage of job (MB)
	105400  -  ResidentSetSize of job (KB)
...
006 (793916.001.000) 2026-04-23 12:32:11 Image size of job updated: 105616
	104  -  MemoryUsage of job (MB)
	105616  -  ResidentSetSize of job (KB)
...
006 (793916.001.000) 2026-04-23 12:37:12 Image size of job updated: 105684
	104  -  MemoryUsage of job (MB)
	105684  -  ResidentSetSize of job (KB)
...
006 (793916.001.000) 2026-04-23 12:42:12 Image size of job updated: 105840
	104  -  MemoryUsage of job (MB)
	105840  -  ResidentSetSize of job (KB)
...
006 (793916.001.000) 2026-04-23 12:57:13 Image size of job updated: 105924
	104  -  MemoryUsage of job (MB)
	105924  -  ResidentSetSize of job (KB)
...
006 (793916.001.000) 2026-04-23 13:02:13 Image size of job updated: 105932
	104  -  MemoryUsage of job (MB)
	105932  -  ResidentSetSize of job (KB)
...
006 (793916.001.000) 2026-04-23 13:07:14 Image size of job updated: 106096
	104  -  MemoryUsage of job (MB)
	106096  -  ResidentSetSize of job (KB)
...
006 (793916.001.000) 2026-04-23 13:22:16 Image size of job updated: 106180
	104  -  MemoryUsage of job (MB)
	106180  -  ResidentSetSize of job (KB)
...
006 (793916.001.000) 2026-04-23 13:27:17 Image size of job updated: 106388
	104  -  MemoryUsage of job (MB)
	106388  -  ResidentSetSize of job (KB)
...
006 (793916.001.000) 2026-04-23 13:47:19 Image size of job updated: 106392
	104  -  MemoryUsage of job (MB)
	106392  -  ResidentSetSize of job (KB)
...
006 (793916.001.000) 2026-04-23 13:52:19 Image size of job updated: 106664
	105  -  MemoryUsage of job (MB)
	106664  -  ResidentSetSize of job (KB)
...
006 (793916.001.000) 2026-04-23 14:17:22 Image size of job updated: 106804
	105  -  MemoryUsage of job (MB)
	106804  -  ResidentSetSize of job (KB)
...
006 (793916.001.000) 2026-04-23 14:22:22 Image size of job updated: 106864
	105  -  MemoryUsage of job (MB)
	106864  -  ResidentSetSize of job (KB)
...
006 (793916.001.000) 2026-04-23 14:32:24 Image size of job updated: 106876
	105  -  MemoryUsage of job (MB)
	106876  -  ResidentSetSize of job (KB)
...
006 (793916.001.000) 2026-04-23 14:37:24 Image size of job updated: 106948
	105  -  MemoryUsage of job (MB)
	106948  -  ResidentSetSize of job (KB)
...
006 (793916.001.000) 2026-04-23 14:42:24 Image size of job updated: 107236
	105  -  MemoryUsage of job (MB)
	107236  -  ResidentSetSize of job (KB)
...
006 (793916.001.000) 2026-04-23 14:47:25 Image size of job updated: 107252
	105  -  MemoryUsage of job (MB)
	107252  -  ResidentSetSize of job (KB)
...
006 (793916.001.000) 2026-04-23 14:57:25 Image size of job updated: 107272
	105  -  MemoryUsage of job (MB)
	107272  -  ResidentSetSize of job (KB)
...
006 (793916.001.000) 2026-04-23 15:02:26 Image size of job updated: 107556
	106  -  MemoryUsage of job (MB)
	107556  -  ResidentSetSize of job (KB)
...
006 (793916.001.000) 2026-04-23 15:17:27 Image size of job updated: 107804
	106  -  MemoryUsage of job (MB)
	107804  -  ResidentSetSize of job (KB)
...
006 (793916.001.000) 2026-04-23 15:37:30 Image size of job updated: 107848
	106  -  MemoryUsage of job (MB)
	107848  -  ResidentSetSize of job (KB)
...
006 (793916.001.000) 2026-04-23 15:42:30 Image size of job updated: 107932
	106  -  MemoryUsage of job (MB)
	107932  -  ResidentSetSize of job (KB)
...
006 (793916.001.000) 2026-04-23 15:57:32 Image size of job updated: 108104
	106  -  MemoryUsage of job (MB)
	108104  -  ResidentSetSize of job (KB)
...
006 (793916.001.000) 2026-04-23 16:02:32 Image size of job updated: 108252
	106  -  MemoryUsage of job (MB)
	108252  -  ResidentSetSize of job (KB)
...
006 (793916.001.000) 2026-04-23 16:22:35 Image size of job updated: 108420
	106  -  MemoryUsage of job (MB)
	108420  -  ResidentSetSize of job (KB)
...
006 (793916.001.000) 2026-04-23 16:27:36 Image size of job updated: 108584
	107  -  MemoryUsage of job (MB)
	108584  -  ResidentSetSize of job (KB)
...
006 (793916.001.000) 2026-04-23 16:47:37 Image size of job updated: 108764
	107  -  MemoryUsage of job (MB)
	108764  -  ResidentSetSize of job (KB)
...
006 (793916.001.000) 2026-04-23 16:52:37 Image size of job updated: 108940
	107  -  MemoryUsage of job (MB)
	108940  -  ResidentSetSize of job (KB)
...
006 (793916.001.000) 2026-04-23 17:32:42 Image size of job updated: 109008
	107  -  MemoryUsage of job (MB)
	109008  -  ResidentSetSize of job (KB)
...
006 (793916.001.000) 2026-04-23 17:42:42 Image size of job updated: 109224
	107  -  MemoryUsage of job (MB)
	109224  -  ResidentSetSize of job (KB)
...
006 (793916.001.000) 2026-04-23 18:22:47 Image size of job updated: 109388
	107  -  MemoryUsage of job (MB)
	109388  -  ResidentSetSize of job (KB)
...
006 (793916.001.000) 2026-04-23 18:32:47 Image size of job updated: 109576
	108  -  MemoryUsage of job (MB)
	109576  -  ResidentSetSize of job (KB)
...
006 (793916.001.000) 2026-04-23 19:12:52 Image size of job updated: 109640
	108  -  MemoryUsage of job (MB)
	109640  -  ResidentSetSize of job (KB)
...
006 (793916.001.000) 2026-04-23 19:22:52 Image size of job updated: 109936
	108  -  MemoryUsage of job (MB)
	109936  -  ResidentSetSize of job (KB)
...
006 (793916.001.000) 2026-04-23 20:12:57 Image size of job updated: 110180
	108  -  MemoryUsage of job (MB)
	110180  -  ResidentSetSize of job (KB)
...
006 (793916.001.000) 2026-04-23 20:53:01 Image size of job updated: 110360
	108  -  MemoryUsage of job (MB)
	110360  -  ResidentSetSize of job (KB)
...
006 (793916.001.000) 2026-04-23 21:03:02 Image size of job updated: 110524
	108  -  MemoryUsage of job (MB)
	110524  -  ResidentSetSize of job (KB)
...
006 (793916.001.000) 2026-04-23 21:48:06 Image size of job updated: 110652
	109  -  MemoryUsage of job (MB)
	110652  -  ResidentSetSize of job (KB)
...
006 (793916.001.000) 2026-04-23 22:03:08 Image size of job updated: 110872
	109  -  MemoryUsage of job (MB)
	110872  -  ResidentSetSize of job (KB)
...
006 (793916.001.000) 2026-04-23 23:03:15 Image size of job updated: 111164
	109  -  MemoryUsage of job (MB)
	111164  -  ResidentSetSize of job (KB)
...
006 (793916.001.000) 2026-04-23 23:33:17 Image size of job updated: 111280
	109  -  MemoryUsage of job (MB)
	111280  -  ResidentSetSize of job (KB)
...
006 (793916.001.000) 2026-04-23 23:38:18 Image size of job updated: 111460
	109  -  MemoryUsage of job (MB)
	111460  -  ResidentSetSize of job (KB)
...
006 (793916.001.000) 2026-04-24 00:08:22 Image size of job updated: 111492
	109  -  MemoryUsage of job (MB)
	111492  -  ResidentSetSize of job (KB)
...
006 (793916.001.000) 2026-04-24 00:13:22 Image size of job updated: 111552
	109  -  MemoryUsage of job (MB)
	111552  -  ResidentSetSize of job (KB)
...
006 (793916.001.000) 2026-04-24 00:43:25 Image size of job updated: 111852
	110  -  MemoryUsage of job (MB)
	111852  -  ResidentSetSize of job (KB)
...
006 (793916.001.000) 2026-04-24 00:58:26 Image size of job updated: 111944
	110  -  MemoryUsage of job (MB)
	111944  -  ResidentSetSize of job (KB)
...
006 (793916.001.000) 2026-04-24 01:18:27 Image size of job updated: 112360
	110  -  MemoryUsage of job (MB)
	112360  -  ResidentSetSize of job (KB)
...
006 (793916.001.000) 2026-04-24 01:58:32 Image size of job updated: 112760
	111  -  MemoryUsage of job (MB)
	112760  -  ResidentSetSize of job (KB)
...
006 (793916.001.000) 2026-04-24 02:38:36 Image size of job updated: 113060
	111  -  MemoryUsage of job (MB)
	113060  -  ResidentSetSize of job (KB)
...
006 (793916.001.000) 2026-04-24 03:18:40 Image size of job updated: 113228
	111  -  MemoryUsage of job (MB)
	113228  -  ResidentSetSize of job (KB)
...
006 (793916.001.000) 2026-04-24 03:23:41 Image size of job updated: 113280
	111  -  MemoryUsage of job (MB)
	113280  -  ResidentSetSize of job (KB)
...
006 (793916.001.000) 2026-04-24 03:53:45 Image size of job updated: 113596
	111  -  MemoryUsage of job (MB)
	113596  -  ResidentSetSize of job (KB)
...
006 (793916.001.000) 2026-04-24 04:03:46 Image size of job updated: 113668
	112  -  MemoryUsage of job (MB)
	113668  -  ResidentSetSize of job (KB)
...
006 (793916.001.000) 2026-04-24 04:38:49 Image size of job updated: 113776
	112  -  MemoryUsage of job (MB)
	113776  -  ResidentSetSize of job (KB)
...
006 (793916.001.000) 2026-04-24 04:43:50 Image size of job updated: 113824
	112  -  MemoryUsage of job (MB)
	113824  -  ResidentSetSize of job (KB)
...
006 (793916.001.000) 2026-04-24 05:23:54 Image size of job updated: 113992
	112  -  MemoryUsage of job (MB)
	113992  -  ResidentSetSize of job (KB)
...
006 (793916.001.000) 2026-04-24 05:33:56 Image size of job updated: 114248
	112  -  MemoryUsage of job (MB)
	114248  -  ResidentSetSize of job (KB)
...
006 (793916.001.000) 2026-04-24 06:18:59 Image size of job updated: 114488
	112  -  MemoryUsage of job (MB)
	114488  -  ResidentSetSize of job (KB)
...
006 (793916.001.000) 2026-04-24 06:54:03 Image size of job updated: 114584
	112  -  MemoryUsage of job (MB)
	114584  -  ResidentSetSize of job (KB)
...
006 (793916.001.000) 2026-04-24 07:04:04 Image size of job updated: 114920
	113  -  MemoryUsage of job (MB)
	114920  -  ResidentSetSize of job (KB)
...
006 (793916.001.000) 2026-04-24 07:44:08 Image size of job updated: 115076
	113  -  MemoryUsage of job (MB)
	115076  -  ResidentSetSize of job (KB)
...
006 (793916.001.000) 2026-04-24 07:54:09 Image size of job updated: 115276
	113  -  MemoryUsage of job (MB)
	115276  -  ResidentSetSize of job (KB)
...
006 (793916.001.000) 2026-04-24 08:29:14 Image size of job updated: 115360
	113  -  MemoryUsage of job (MB)
	115360  -  ResidentSetSize of job (KB)
...
006 (793916.001.000) 2026-04-24 08:39:15 Image size of job updated: 115528
	113  -  MemoryUsage of job (MB)
	115528  -  ResidentSetSize of job (KB)
...
006 (793916.001.000) 2026-04-24 09:19:19 Image size of job updated: 115680
	113  -  MemoryUsage of job (MB)
	115680  -  ResidentSetSize of job (KB)
...
006 (793916.001.000) 2026-04-24 09:34:21 Image size of job updated: 115920
	114  -  MemoryUsage of job (MB)
	115920  -  ResidentSetSize of job (KB)
...
006 (793916.001.000) 2026-04-24 09:39:21 Image size of job updated: 115968
	114  -  MemoryUsage of job (MB)
	115968  -  ResidentSetSize of job (KB)
...
006 (793916.001.000) 2026-04-24 10:29:25 Image size of job updated: 116092
	114  -  MemoryUsage of job (MB)
	116092  -  ResidentSetSize of job (KB)
...
004 (793916.001.000) 2026-04-24 10:39:57 Job was evicted.
	(0) CPU times
		Usr 0 20:54:48, Sys 0 00:43:53  -  Run Remote Usage
		Usr 0 00:00:00, Sys 0 00:00:00  -  Run Local Usage
	0  -  Run Bytes Sent By Job
	1867  -  Run Bytes Received By Job
	Partitionable Resources :    Usage  Request Allocated 
	   Cpus                 :     0.96        1         1 
	   Disk (KB)            :  1083           2      2048 
	   GPUs                 :                           0 
	   Memory (MB)          :   114        4096      4096 
	   TimeExecute (s)      : 80576                       
	   TimeSlotBusy (s)     : 80578                       
...
009 (793916.001.000) 2026-04-24 10:39:57 Job was aborted.
	via condor_rm (by user adufour)
...
000 (795247.001.000) 2026-04-24 11:49:04 Job submitted from host: <134.158.133.27:9618?addrs=134.158.133.27-9618&alias=llrt3condor.in2p3.fr&noUDP&sock=schedd_33061_acb1>
...
040 (795247.001.000) 2026-04-24 11:49:05 Started transferring input files
	Transferring to host: <134.158.132.86:9618?addrs=134.158.132.86-9618&alias=llrgrwn025.in2p3.fr&noUDP&sock=slot1_8_1837159_766d_242>
...
040 (795247.001.000) 2026-04-24 11:49:05 Finished transferring input files
...
001 (795247.001.000) 2026-04-24 11:49:06 Job executing on host: <134.158.132.86:9618?addrs=134.158.132.86-9618&alias=llrgrwn025.in2p3.fr&noUDP&sock=startd_1150090_a878>
	SlotName: slot1_8@llrgrwn025.in2p3.fr
	CondorScratchDir = "/var/lib/condor/execute/dir_2248912"
	Cpus = 1
	Disk = 2048
	GPUs = 0
	Memory = 4096
...
006 (795247.001.000) 2026-04-24 11:49:15 Image size of job updated: 18632
	7  -  MemoryUsage of job (MB)
	6908  -  ResidentSetSize of job (KB)
...
006 (795247.001.000) 2026-04-24 11:54:17 Image size of job updated: 40136
	33  -  MemoryUsage of job (MB)
	33032  -  ResidentSetSize of job (KB)
...
006 (795247.001.000) 2026-04-24 11:59:17 Image size of job updated: 40140
	33  -  MemoryUsage of job (MB)
	33032  -  ResidentSetSize of job (KB)
...
006 (795247.001.000) 2026-04-24 12:04:17 Image size of job updated: 105176
	103  -  MemoryUsage of job (MB)
	105176  -  ResidentSetSize of job (KB)
...
006 (795247.001.000) 2026-04-24 12:09:18 Image size of job updated: 105480
	104  -  MemoryUsage of job (MB)
	105480  -  ResidentSetSize of job (KB)
...
006 (795247.001.000) 2026-04-24 12:14:19 Image size of job updated: 105620
	104  -  MemoryUsage of job (MB)
	105620  -  ResidentSetSize of job (KB)
...
006 (795247.001.000) 2026-04-24 12:19:19 Image size of job updated: 105652
	104  -  MemoryUsage of job (MB)
	105652  -  ResidentSetSize of job (KB)
...
006 (795247.001.000) 2026-04-24 12:24:20 Image size of job updated: 105688
	104  -  MemoryUsage of job (MB)
	105688  -  ResidentSetSize of job (KB)
...
006 (795247.001.000) 2026-04-24 12:29:21 Image size of job updated: 105764
	104  -  MemoryUsage of job (MB)
	105764  -  ResidentSetSize of job (KB)
...
006 (795247.001.000) 2026-04-24 12:34:21 Image size of job updated: 105844
	104  -  MemoryUsage of job (MB)
	105844  -  ResidentSetSize of job (KB)
...
006 (795247.001.000) 2026-04-24 12:49:22 Image size of job updated: 105928
	104  -  MemoryUsage of job (MB)
	105928  -  ResidentSetSize of job (KB)
...
006 (795247.001.000) 2026-04-24 12:59:23 Image size of job updated: 106100
	104  -  MemoryUsage of job (MB)
	106100  -  ResidentSetSize of job (KB)
...
006 (795247.001.000) 2026-04-24 13:14:25 Image size of job updated: 106184
	104  -  MemoryUsage of job (MB)
	106184  -  ResidentSetSize of job (KB)
...
006 (795247.001.000) 2026-04-24 13:19:26 Image size of job updated: 106392
	104  -  MemoryUsage of job (MB)
	106392  -  ResidentSetSize of job (KB)
...
006 (795247.001.000) 2026-04-24 13:39:27 Image size of job updated: 106396
	104  -  MemoryUsage of job (MB)
	106396  -  ResidentSetSize of job (KB)
...
006 (795247.001.000) 2026-04-24 13:44:27 Image size of job updated: 106668
	105  -  MemoryUsage of job (MB)
	106668  -  ResidentSetSize of job (KB)
...
006 (795247.001.000) 2026-04-24 14:09:30 Image size of job updated: 106872
	105  -  MemoryUsage of job (MB)
	106872  -  ResidentSetSize of job (KB)
...
006 (795247.001.000) 2026-04-24 14:24:32 Image size of job updated: 106880
	105  -  MemoryUsage of job (MB)
	106880  -  ResidentSetSize of job (KB)
...
006 (795247.001.000) 2026-04-24 14:29:32 Image size of job updated: 106952
	105  -  MemoryUsage of job (MB)
	106952  -  ResidentSetSize of job (KB)
...
005 (795247.001.000) 2026-04-26 05:19:13 Job terminated.
	(1) Normal termination (return value 1)
		Usr 1 15:01:31, Sys 0 01:07:30  -  Run Remote Usage
		Usr 0 00:00:00, Sys 0 00:00:00  -  Run Local Usage
		Usr 1 15:01:31, Sys 0 01:07:30  -  Total Remote Usage
		Usr 0 00:00:00, Sys 0 00:00:00  -  Total Local Usage
	1462648  -  Run Bytes Sent By Job
	1867  -  Run Bytes Received By Job
	1462648  -  Total Bytes Sent By Job
	1867  -  Total Bytes Received By Job

	Job terminated of its own accord at 2026-04-26T03:17:39Z with exit-code 1.
...
