CascadeMinimizer.cc[833] : (in function: applyOptions) - Configured fallback algorithm, type Minuit2, algo Migrad, strategy 0, tolerance 0.2
FitterAlgoBase.cc[113] : (in function: applyOptionsBase) - Setting robust fit options to Tolerance=0.2 / Strategy=0 / Type,Algo=Minuit2,Migrad (note that defaults of CascadeMinimizer if these options were not specified)
Combine.cc[705] : (in function: run) - Freezing the following parameters: 
Combine.cc[707] : (in function: run) - r
Combine.cc[979] : (in function: run) - Generate Asimov toy from parameter values ... 
Combine.cc[983] : (in function: run) - CMS_channel = 0 
Combine.cc[983] : (in function: run) - CMS_th1x = 8.5 
Combine.cc[983] : (in function: run) - k_cHDD = 0 
Combine.cc[983] : (in function: run) - lumi = 0 
Combine.cc[983] : (in function: run) - lumi_In = 0 (constant)
Combine.cc[983] : (in function: run) - pdf = 0 
Combine.cc[983] : (in function: run) - pdf_In = 0 (constant)
Combine.cc[983] : (in function: run) - qcd_scale = 0 
Combine.cc[983] : (in function: run) - qcd_scale_In = 0 (constant)
Combine.cc[983] : (in function: run) - r = 1 (constant)
ToyMCSamplerOpt.cc[146] : (in function: generateAsimov) - Using internal logic for binned/unbinned Asimov dataset generation
ToyMCSamplerOpt.cc[214] : (in function: generateWithHisto) - Generating asimov with histogram for pdf pdf_bintriple_DY: in 9 x-bins
FitterAlgoBase.cc[241] : (in function: doFit) - do first minimization
CascadeMinimizer.cc[188] : (in function: improveOnce) - Minimization configured with Type=Minuit2, Algo=Migrad, strategy=0, tolerance=0.1
CascadeMinimizer.cc[215] : (in function: improveOnce) - Minimization finished with status=0
CascadeMinimizer.cc[219] : (in function: improveOnce) - Minimization success! status=0
FitterAlgoBase.cc[245] : (in function: doFit) - Minimized in 0.049213 seconds (0.040000 CPU time)
FitterAlgoBase.cc[249] : (in function: doFit) - FINAL NLL - NLL0 VALUE = 0

